#
# There is insufficient memory for the Java Runtime Environment to continue.
# Native memory allocation (malloc) failed to allocate 1145424 bytes for Chunk::new
# Possible reasons:
#   The system is out of physical RAM or swap space
#   In 32 bit mode, the process size limit was hit
# Possible solutions:
#   Reduce memory load on the system
#   Increase physical memory or swap space
#   Check if swap backing store is full
#   Use 64 bit Java on a 64 bit OS
#   Decrease Java heap size (-Xmx/-Xms)
#   Decrease number of Java threads
#   Decrease Java thread stack sizes (-Xss)
#   Set larger code cache with -XX:ReservedCodeCacheSize=
# This output file may be truncated or incomplete.
#
#  Out of Memory Error (allocation.cpp:390), pid=10164, tid=8888
#
# JRE version: Java(TM) SE Runtime Environment (8.0_45-b15) (build 1.8.0_45-b15)
# Java VM: Java HotSpot(TM) 64-Bit Server VM (25.45-b02 mixed mode windows-amd64 compressed oops)
# Failed to write core dump. Minidumps are not enabled by default on client versions of Windows
#

---------------  T H R E A D  ---------------

Current thread (0x00000000154c7000):  JavaThread "C2 CompilerThread1" daemon [_thread_in_native, id=8888, stack(0x0000000016ac0000,0x0000000016bc0000)]

Stack: [0x0000000016ac0000,0x0000000016bc0000]
Native frames: (J=compiled Java code, j=interpreted, Vv=VM code, C=native code)
V  [jvm.dll+0x32b57a]
V  [jvm.dll+0x279873]
V  [jvm.dll+0x27a509]
V  [jvm.dll+0x271825]
V  [jvm.dll+0xcb9e2]
V  [jvm.dll+0xcbeac]
V  [jvm.dll+0x464342]
V  [jvm.dll+0x4db685]
V  [jvm.dll+0x4dc287]
V  [jvm.dll+0x46a551]
V  [jvm.dll+0x46cd52]
V  [jvm.dll+0x4500f2]
V  [jvm.dll+0xa4352]
V  [jvm.dll+0xa4c8f]
V  [jvm.dll+0x241984]
V  [jvm.dll+0x29853a]
C  [msvcr100.dll+0x21d9f]
C  [msvcr100.dll+0x21e3b]
C  [KERNEL32.DLL+0x13d2]
C  [ntdll.dll+0x15454]


Current CompileTask:
C2:   2909 1281   !   4       com.android.dx.cf.code.BytecodeArray::parseInstruction (2764 bytes)


---------------  P R O C E S S  ---------------

Java Threads: ( => current thread )
  0x0000000016fc5800 JavaThread "pool-1-thread-4" [_thread_in_Java, id=4136, stack(0x00000000176c0000,0x00000000177c0000)]
  0x0000000016fc1000 JavaThread "pool-1-thread-3" [_thread_blocked, id=10224, stack(0x00000000175c0000,0x00000000176c0000)]
  0x0000000016fc0000 JavaThread "pool-1-thread-2" [_thread_in_Java, id=9696, stack(0x00000000174c0000,0x00000000175c0000)]
  0x0000000016fb5000 JavaThread "pool-2-thread-1" [_thread_blocked, id=8872, stack(0x00000000173c0000,0x00000000174c0000)]
  0x0000000016fb0800 JavaThread "pool-1-thread-1" [_thread_in_vm, id=9792, stack(0x00000000172c0000,0x00000000173c0000)]
  0x0000000016cc4000 JavaThread "Service Thread" daemon [_thread_blocked, id=8044, stack(0x00000000170c0000,0x00000000171c0000)]
  0x00000000154c9800 JavaThread "C1 CompilerThread2" daemon [_thread_blocked, id=5548, stack(0x0000000016bc0000,0x0000000016cc0000)]
=>0x00000000154c7000 JavaThread "C2 CompilerThread1" daemon [_thread_in_native, id=8888, stack(0x0000000016ac0000,0x0000000016bc0000)]
  0x000000001546e000 JavaThread "C2 CompilerThread0" daemon [_thread_blocked, id=208, stack(0x00000000169c0000,0x0000000016ac0000)]
  0x000000001546b000 JavaThread "Attach Listener" daemon [_thread_blocked, id=10604, stack(0x00000000168c0000,0x00000000169c0000)]
  0x000000001546a000 JavaThread "Signal Dispatcher" daemon [_thread_blocked, id=9828, stack(0x00000000167c0000,0x00000000168c0000)]
  0x0000000002d97000 JavaThread "Finalizer" daemon [_thread_blocked, id=5248, stack(0x00000000166c0000,0x00000000167c0000)]
  0x0000000002d8e000 JavaThread "Reference Handler" daemon [_thread_blocked, id=8740, stack(0x00000000165c0000,0x00000000166c0000)]
  0x0000000002afe000 JavaThread "main" [_thread_in_Java, id=8988, stack(0x0000000002ba0000,0x0000000002ca0000)]

Other Threads:
  0x0000000015438000 VMThread [stack: 0x00000000164c0000,0x00000000165c0000] [id=9080]
  0x0000000016cc6000 WatcherThread [stack: 0x00000000171c0000,0x00000000172c0000] [id=9736]

VM state:not at safepoint (normal execution)

VM Mutex/Monitor currently owned by a thread: None

Heap:
 PSYoungGen      total 36864K, used 30738K [0x00000000eab00000, 0x00000000ed400000, 0x0000000100000000)
  eden space 31744K, 96% used [0x00000000eab00000,0x00000000ec904b48,0x00000000eca00000)
  from space 5120K, 0% used [0x00000000ecf00000,0x00000000ecf00000,0x00000000ed400000)
  to   space 5120K, 0% used [0x00000000eca00000,0x00000000eca00000,0x00000000ecf00000)
 ParOldGen       total 84992K, used 0K [0x00000000c0000000, 0x00000000c5300000, 0x00000000eab00000)
  object space 84992K, 0% used [0x00000000c0000000,0x00000000c0000000,0x00000000c5300000)
 Metaspace       used 5888K, capacity 6960K, committed 7040K, reserved 1056768K
  class space    used 579K, capacity 616K, committed 640K, reserved 1048576K

Card table byte_map: [0x0000000012160000,0x0000000012370000] byte_map_base: 0x0000000011b60000

Marking Bits: (ParMarkBitMap*) 0x00000000667c4040
 Begin Bits: [0x00000000128d0000, 0x00000000138d0000)
 End Bits:   [0x00000000138d0000, 0x00000000148d0000)

Polling page: 0x0000000001330000

CodeCache: size=245760Kb used=5280Kb max_used=5280Kb free=240479Kb
 bounds [0x0000000002da0000, 0x00000000032d0000, 0x0000000011da0000]
 total_blobs=1598 nmethods=1329 adapters=182
 compilation: enabled

Compilation events (10 events):
Event: 2.882 Thread 0x00000000154c9800 1308       3       java.util.TreeMap::rotateLeft (96 bytes)
Event: 2.882 Thread 0x00000000154c9800 nmethod 1308 0x00000000032b5990 code [0x00000000032b5b00, 0x00000000032b5e50]
Event: 2.884 Thread 0x00000000154c9800 1309       3       com.android.dx.ssa.SCCP::<init> (142 bytes)
Event: 2.885 Thread 0x00000000154c9800 nmethod 1309 0x00000000032b5f50 code [0x00000000032b61c0, 0x00000000032b72e8]
Event: 2.887 Thread 0x00000000154c9800 1310       3       com.android.dx.rop.code.BasicBlockList::<init> (11 bytes)
Event: 2.887 Thread 0x00000000154c9800 nmethod 1310 0x00000000032b7bd0 code [0x00000000032b7d40, 0x00000000032b7ff8]
Event: 2.889 Thread 0x00000000154c9800 1311       3       com.android.dx.util.FixedSizeList::shrinkToFit (103 bytes)
Event: 2.890 Thread 0x00000000154c9800 nmethod 1311 0x00000000032b8110 code [0x00000000032b82c0, 0x00000000032b8b48]
Event: 2.891 Thread 0x00000000154c9800 1312       3       com.android.dx.rop.cst.CstKnownNull::getType (4 bytes)
Event: 2.891 Thread 0x00000000154c9800 nmethod 1312 0x00000000032b8e90 code [0x00000000032b8fe0, 0x00000000032b9130]

GC Heap History (0 events):
No events

Deoptimization events (10 events):
Event: 1.867 Thread 0x0000000016fc1000 Uncommon trap: reason=class_check action=maybe_recompile pc=0x0000000003004e64 method=com.android.dx.rop.type.Type.equals(Ljava/lang/Object;)Z @ 8
Event: 1.867 Thread 0x0000000016fc1000 Uncommon trap: reason=class_check action=maybe_recompile pc=0x0000000003004e64 method=com.android.dx.rop.type.Type.equals(Ljava/lang/Object;)Z @ 8
Event: 1.886 Thread 0x0000000016fc1000 Uncommon trap: reason=class_check action=maybe_recompile pc=0x0000000002ffe914 method=com.android.dx.ssa.NormalSsaInsn.accept(Lcom/android/dx/ssa/SsaInsn$Visitor;)V @ 9
Event: 1.886 Thread 0x0000000016fc1000 Uncommon trap: reason=class_check action=maybe_recompile pc=0x0000000003004e64 method=com.android.dx.rop.type.Type.equals(Ljava/lang/Object;)Z @ 8
Event: 1.938 Thread 0x0000000016fc5800 Uncommon trap: reason=class_check action=maybe_recompile pc=0x000000000303da34 method=com.android.dx.rop.type.Type.equals(Ljava/lang/Object;)Z @ 8
Event: 2.522 Thread 0x0000000016fc5800 Uncommon trap: reason=class_check action=maybe_recompile pc=0x0000000002ffe914 method=com.android.dx.ssa.NormalSsaInsn.accept(Lcom/android/dx/ssa/SsaInsn$Visitor;)V @ 9
Event: 2.522 Thread 0x0000000016fc5800 Uncommon trap: reason=class_check action=maybe_recompile pc=0x0000000002ffb130 method=com.android.dx.ssa.NormalSsaInsn.accept(Lcom/android/dx/ssa/SsaInsn$Visitor;)V @ 9
Event: 2.522 Thread 0x0000000016fc5800 Uncommon trap: reason=class_check action=maybe_recompile pc=0x0000000002ffb130 method=com.android.dx.ssa.NormalSsaInsn.accept(Lcom/android/dx/ssa/SsaInsn$Visitor;)V @ 9
Event: 2.546 Thread 0x0000000016fc5800 Uncommon trap: reason=class_check action=maybe_recompile pc=0x0000000002ffe914 method=com.android.dx.ssa.NormalSsaInsn.accept(Lcom/android/dx/ssa/SsaInsn$Visitor;)V @ 9
Event: 2.756 Thread 0x0000000016fb0800 Uncommon trap: reason=unstable_if action=reinterpret pc=0x0000000003043b60 method=com.android.dx.rop.code.RegisterSpecSet.put(Lcom/android/dx/rop/code/RegisterSpec;)V @ 77

Internal exceptions (2 events):
Event: 0.043 Thread 0x0000000002afe000 Exception <a 'java/lang/NoSuchMethodError': Method sun.misc.Unsafe.defineClass(Ljava/lang/String;[BII)Ljava/lang/Class; name or signature does not match> (0x00000000eab0d618) thrown at [C:\re\workspace\8-2-build-windows-amd64-cygwin\jdk8u45\3627\hotspot\srÎ\«LÙ¥?
Event: 0.043 Thread 0x0000000002afe000 Exception <a 'java/lang/NoSuchMethodError': Method sun.misc.Unsafe.prefetchRead(Ljava/lang/Object;J)V name or signature does not match> (0x00000000eab0d8a8) thrown at [C:\re\workspace\8-2-build-windows-amd64-cygwin\jdk8u45\3627\hotspot\src\share\vm\prims\j

Events (10 events):
Event: 2.522 Thread 0x0000000016fc5800 DEOPT PACKING pc=0x0000000002ffb130 sp=0x00000000177be850
Event: 2.522 Thread 0x0000000016fc5800 DEOPT UNPACKING pc=0x0000000002de582a sp=0x00000000177be7f0 mode 2
Event: 2.546 Thread 0x0000000016fc5800 Uncommon trap: trap_request=0xffffffde fr.pc=0x0000000002ffe914
Event: 2.546 Thread 0x0000000016fc5800 DEOPT PACKING pc=0x0000000002ffe914 sp=0x00000000177be8c0
Event: 2.546 Thread 0x0000000016fc5800 DEOPT UNPACKING pc=0x0000000002de582a sp=0x00000000177be800 mode 2
Event: 2.548 loading class com/android/dx/cf/attrib/AttEnclosingMethod
Event: 2.548 loading class com/android/dx/cf/attrib/AttEnclosingMethod done
Event: 2.756 Thread 0x0000000016fb0800 Uncommon trap: trap_request=0xffffff65 fr.pc=0x0000000003043b60
Event: 2.756 Thread 0x0000000016fb0800 DEOPT PACKING pc=0x0000000003043b60 sp=0x00000000173bed10
Event: 2.756 Thread 0x0000000016fb0800 DEOPT UNPACKING pc=0x0000000002de582a sp=0x00000000173bec30 mode 2


Dynamic libraries:
0x00007ff71e570000 - 0x00007ff71e5a7000 	C:\Program Files\Java\jdk1.8.0_45\bin\java.exe
0x00007fff28460000 - 0x00007fff2860c000 	C:\Windows\SYSTEM32\ntdll.dll
0x00007fff25eb0000 - 0x00007fff25fee000 	C:\Windows\system32\KERNEL32.DLL
0x00007fff259c0000 - 0x00007fff25ad5000 	C:\Windows\system32\KERNELBASE.dll
0x00007fff24160000 - 0x00007fff241ee000 	C:\Windows\system32\apphelp.dll
0x00007fff180a0000 - 0x00007fff180f3000 	C:\Windows\AppPatch\AppPatch64\AcGenral.DLL
0x00007fff25ff0000 - 0x00007fff2609a000 	C:\Windows\system32\msvcrt.dll
0x00007fff25450000 - 0x00007fff2547e000 	C:\Windows\SYSTEM32\SspiCli.dll
0x00007fff268a0000 - 0x00007fff268f4000 	C:\Windows\system32\SHLWAPI.dll
0x00007fff260a0000 - 0x00007fff26217000 	C:\Windows\system32\USER32.dll
0x00007fff25d10000 - 0x00007fff25ea4000 	C:\Windows\system32\ole32.dll
0x00007fff26c30000 - 0x00007fff2815b000 	C:\Windows\system32\SHELL32.dll
0x00007fff24ae0000 - 0x00007fff24b01000 	C:\Windows\SYSTEM32\USERENV.dll
0x00007fff26900000 - 0x00007fff269aa000 	C:\Windows\system32\ADVAPI32.dll
0x00007fff16380000 - 0x00007fff1639e000 	C:\Windows\SYSTEM32\MPR.dll
0x00007fff26ae0000 - 0x00007fff26c21000 	C:\Windows\system32\RPCRT4.dll
0x00007fff26a70000 - 0x00007fff26ac9000 	C:\Windows\SYSTEM32\sechost.dll
0x00007fff26220000 - 0x00007fff26431000 	C:\Windows\SYSTEM32\combase.dll
0x00007fff264c0000 - 0x00007fff26610000 	C:\Windows\system32\GDI32.dll
0x00007fff255b0000 - 0x00007fff255c5000 	C:\Windows\SYSTEM32\profapi.dll
0x00007fff237d0000 - 0x00007fff23882000 	C:\Windows\SYSTEM32\SHCORE.dll
0x00007fff281e0000 - 0x00007fff28216000 	C:\Windows\system32\IMM32.DLL
0x00007fff25ba0000 - 0x00007fff25cf2000 	C:\Windows\system32\MSCTF.dll
0x00007fff23190000 - 0x00007fff2340a000 	C:\Windows\WinSxS\amd64_microsoft.windows.common-controls_6595b64144ccf1df_6.0.9600.17810_none_6240b9c7ecbd0bda\COMCTL32.dll
0x0000000068080000 - 0x00000000680e9000 	c:\program files (x86)\f-secure\hips\fshook64.dll
0x00007fff267c0000 - 0x00007fff267c7000 	C:\Windows\system32\PSAPI.DLL
0x0000000065bb0000 - 0x0000000065c82000 	C:\Program Files\Java\jdk1.8.0_45\jre\bin\msvcr100.dll
0x0000000065fc0000 - 0x0000000066843000 	C:\Program Files\Java\jdk1.8.0_45\jre\bin\server\jvm.dll
0x00007fff1c1b0000 - 0x00007fff1c1b9000 	C:\Windows\SYSTEM32\WSOCK32.dll
0x00007fff1cd60000 - 0x00007fff1cd82000 	C:\Windows\SYSTEM32\WINMM.dll
0x00007fff1cd40000 - 0x00007fff1cd4a000 	C:\Windows\SYSTEM32\VERSION.dll
0x00007fff26440000 - 0x00007fff2649a000 	C:\Windows\system32\WS2_32.dll
0x00007fff1c790000 - 0x00007fff1c7ba000 	C:\Windows\SYSTEM32\WINMMBASE.dll
0x00007fff26ad0000 - 0x00007fff26ad9000 	C:\Windows\system32\NSI.dll
0x00007fff256e0000 - 0x00007fff2572f000 	C:\Windows\SYSTEM32\cfgmgr32.dll
0x00007fff243a0000 - 0x00007fff243c8000 	C:\Windows\SYSTEM32\DEVOBJ.dll
0x0000000066f00000 - 0x0000000066f0f000 	C:\Program Files\Java\jdk1.8.0_45\jre\bin\verify.dll
0x0000000066ed0000 - 0x0000000066ef9000 	C:\Program Files\Java\jdk1.8.0_45\jre\bin\java.dll
0x0000000066eb0000 - 0x0000000066ec6000 	C:\Program Files\Java\jdk1.8.0_45\jre\bin\zip.dll
0x00007fff1af30000 - 0x00007fff1b0b9000 	C:\Windows\SYSTEM32\dbghelp.dll

VM Arguments:
jvm_args: -Xmx1024M -Dfile.encoding=windows-1252 -Duser.country=US -Duser.language=en -Duser.variant 
java_command: com.android.dx.command.Main --dex --num-threads=4 --output C:\Users\100502703\AndroidStudioProjects\UIPrototype\app\build\intermediates\pre-dexed\debug\classes-b2ac59721f78ce5aeeac17aa78cf4c3c869130ab.jar C:\Users\100502703\AndroidStudioProjects\UIPrototype\app\build\intermediates\exploded-aar\com.google.android.gms\play-services-ads\7.8.0\jars\classes.jar
java_class_path (initial): C:\Users\100502703\AppData\Local\Android\sdk\build-tools\23.0.1\lib\dx.jar
Launcher Type: SUN_STANDARD

Environment Variables:
PATH=C:\Program Files\Java\jdk1.8.0_45\bin;C:\Program Files (x86)\NVIDIA Corporation\PhysX\Common;C:\Program Files (x86)\Intel\iCLS Client\;C:\Program Files\Intel\iCLS Client\;C:\ProgramData\Oracle\Java\javapath;C:\Windows\system32;C:\Windows;C:\Windows\System32\Wbem;C:\Windows\System32\WindowsPowerShell\v1.0\;C:\Program Files\Intel\Intel(R) Management Engine Components\DAL;C:\Program Files (x86)\Intel\Intel(R) Management Engine Components\DAL;C:\Program Files\Intel\Intel(R) Management Engine Components\IPT;C:\Program Files (x86)\Intel\Intel(R) Management Engine Components\IPT;C:\Program Files\MATLAB_R2015\runtime\win64;C:\Program Files\MATLAB_R2015\bin;C:\Program Files\Intel\WiFi\bin\;C:\Program Files\Common Files\Intel\WirelessCommon\;C:\Program Files\Microsoft SQL Server\110\Tools\Binn\;C:\Program Files (x86)\Skype\Phone\;C:\Program Files\Git\cmd;C:\Windows\system32\config\systemprofile\.dnx\bin;C:\Program Files\Microsoft DNX\Dnvm\;C:\Program Files\Microsoft SQL Server\120\Tools\Binn\;C:\Program Files (x86)\Windows Kits\10\Windows Performance Toolkit\;C:\Program Files (x86)\Microsoft Emulator Manager\1.0\;C:\Program Files (x86)\nodejs\;C:\Program Files\Intel\WiFi\bin\;C:\Program Files\Common Files\Intel\WirelessCommon\;C:\Users\100502703\AppData\Roaming\npm
USERNAME=100502703
OS=Windows_NT
PROCESSOR_IDENTIFIER=Intel64 Family 6 Model 60 Stepping 3, GenuineIntel



---------------  S Y S T E M  ---------------

OS: Windows 8.1 , 64 bit Build 9600 (6.3.9600.17415)

CPU:total 4 (2 cores per cpu, 2 threads per core) family 6 model 60 stepping 3, cmov, cx8, fxsr, mmx, sse, sse2, sse3, ssse3, sse4.1, sse4.2, popcnt, avx, avx2, aes, clmul, erms, lzcnt, ht, tsc, tscinvbit, bmi1, bmi2

Memory: 4k page, physical 8065976k(1152808k free), swap 11211704k(5244k free)

vm_info: Java HotSpot(TM) 64-Bit Server VM (25.45-b02) for windows-amd64 JRE (1.8.0_45-b15), built on Apr 30 2015 12:40:44 by "java_re" with MS VC++ 10.0 (VS2010)

time: Tue Nov 24 18:27:17 2015
elapsed time: 2 seconds (0d 0h 0m 2s)

