#
# There is insufficient memory for the Java Runtime Environment to continue.
# Native memory allocation (malloc) failed to allocate 485200 bytes for Chunk::new
# Possible reasons:
#   The system is out of physical RAM or swap space
#   In 32 bit mode, the process size limit was hit
# Possible solutions:
#   Reduce memory load on the system
#   Increase physical memory or swap space
#   Check if swap backing store is full
#   Use 64 bit Java on a 64 bit OS
#   Decrease Java heap size (-Xmx/-Xms)
#   Decrease number of Java threads
#   Decrease Java thread stack sizes (-Xss)
#   Set larger code cache with -XX:ReservedCodeCacheSize=
# This output file may be truncated or incomplete.
#
#  Out of Memory Error (allocation.cpp:390), pid=8840, tid=5256
#
# JRE version: Java(TM) SE Runtime Environment (8.0_45-b15) (build 1.8.0_45-b15)
# Java VM: Java HotSpot(TM) 64-Bit Server VM (25.45-b02 mixed mode windows-amd64 compressed oops)
# Failed to write core dump. Minidumps are not enabled by default on client versions of Windows
#

---------------  T H R E A D  ---------------

Current thread (0x000000001534d800):  JavaThread "C2 CompilerThread0" daemon [_thread_in_native, id=5256, stack(0x00000000168a0000,0x00000000169a0000)]

Stack: [0x00000000168a0000,0x00000000169a0000]
Native frames: (J=compiled Java code, j=interpreted, Vv=VM code, C=native code)
V  [jvm.dll+0x32b57a]


Current CompileTask:
C2:   2911 1437       4       com.android.dx.ssa.LocalVariableExtractor::processBlock (383 bytes)


---------------  P R O C E S S  ---------------

Java Threads: ( => current thread )
  0x0000000016e6c800 JavaThread "pool-1-thread-4" [_thread_blocked, id=4464, stack(0x00000000175a0000,0x00000000176a0000)]
  0x0000000016e62800 JavaThread "pool-1-thread-3" [_thread_blocked, id=7188, stack(0x00000000174a0000,0x00000000175a0000)]
  0x0000000016e3d800 JavaThread "pool-1-thread-2" [_thread_blocked, id=9264, stack(0x00000000173a0000,0x00000000174a0000)]
  0x0000000016e35800 JavaThread "pool-2-thread-1" [_thread_blocked, id=9444, stack(0x00000000172a0000,0x00000000173a0000)]
  0x0000000016e32800 JavaThread "pool-1-thread-1" [_thread_blocked, id=9460, stack(0x00000000171a0000,0x00000000172a0000)]
  0x0000000016bae800 JavaThread "Service Thread" daemon [_thread_blocked, id=4036, stack(0x0000000016fa0000,0x00000000170a0000)]
  0x00000000153ad800 JavaThread "C1 CompilerThread2" daemon [_thread_in_vm, id=8216, stack(0x0000000016aa0000,0x0000000016ba0000)]
  0x00000000153a7800 JavaThread "C2 CompilerThread1" daemon [_thread_in_native, id=1920, stack(0x00000000169a0000,0x0000000016aa0000)]
=>0x000000001534d800 JavaThread "C2 CompilerThread0" daemon [_thread_in_native, id=5256, stack(0x00000000168a0000,0x00000000169a0000)]
  0x000000001534b000 JavaThread "Attach Listener" daemon [_thread_blocked, id=740, stack(0x00000000167a0000,0x00000000168a0000)]
  0x000000001534a000 JavaThread "Signal Dispatcher" daemon [_thread_blocked, id=7576, stack(0x00000000166a0000,0x00000000167a0000)]
  0x0000000002c77000 JavaThread "Finalizer" daemon [_thread_blocked, id=9436, stack(0x00000000165a0000,0x00000000166a0000)]
  0x0000000002c6e000 JavaThread "Reference Handler" daemon [_thread_blocked, id=1744, stack(0x00000000164a0000,0x00000000165a0000)]
  0x00000000029de000 JavaThread "main" [_thread_in_vm, id=988, stack(0x00000000029e0000,0x0000000002ae0000)]

Other Threads:
  0x0000000015318000 VMThread [stack: 0x00000000163a0000,0x00000000164a0000] [id=8220]
  0x0000000016ba2800 WatcherThread [stack: 0x00000000170a0000,0x00000000171a0000] [id=7948]

VM state:not at safepoint (normal execution)

VM Mutex/Monitor currently owned by a thread: None

Heap:
 PSYoungGen      total 36864K, used 28507K [0x00000000eab00000, 0x00000000ed400000, 0x0000000100000000)
  eden space 31744K, 73% used [0x00000000eab00000,0x00000000ec1d8518,0x00000000eca00000)
  from space 5120K, 99% used [0x00000000eca00000,0x00000000ecefeac8,0x00000000ecf00000)
  to   space 5120K, 0% used [0x00000000ecf00000,0x00000000ecf00000,0x00000000ed400000)
 ParOldGen       total 84992K, used 1653K [0x00000000c0000000, 0x00000000c5300000, 0x00000000eab00000)
  object space 84992K, 1% used [0x00000000c0000000,0x00000000c019d6d8,0x00000000c5300000)
 Metaspace       used 5955K, capacity 7024K, committed 7296K, reserved 1056768K
  class space    used 584K, capacity 616K, committed 640K, reserved 1048576K

Card table byte_map: [0x0000000012040000,0x0000000012250000] byte_map_base: 0x0000000011a40000

Marking Bits: (ParMarkBitMap*) 0x00000000667c4040
 Begin Bits: [0x00000000127b0000, 0x00000000137b0000)
 End Bits:   [0x00000000137b0000, 0x00000000147b0000)

Polling page: 0x0000000002ae0000

CodeCache: size=245760Kb used=6126Kb max_used=6126Kb free=239633Kb
 bounds [0x0000000002c80000, 0x0000000003290000, 0x0000000011c80000]
 total_blobs=1721 nmethods=1452 adapters=182
 compilation: enabled

Compilation events (10 events):
Event: 2.900 Thread 0x00000000153ad800 1459       3       java.util.RegularEnumSet::remove (74 bytes)
Event: 2.901 Thread 0x00000000153ad800 nmethod 1459 0x0000000003267f90 code [0x0000000003268120, 0x00000000032686c8]
Event: 2.904 Thread 0x00000000153ad800 1460       3       com.android.dx.ssa.SCCP::replaceBranches (142 bytes)
Event: 2.905 Thread 0x00000000153ad800 nmethod 1460 0x0000000003259ad0 code [0x0000000003259d20, 0x000000000325ace8]
Event: 2.905 Thread 0x00000000153ad800 1461       3       java.util.Arrays::rangeCheck (74 bytes)
Event: 2.906 Thread 0x00000000153ad800 nmethod 1461 0x0000000003279f50 code [0x000000000327a1a0, 0x000000000327af08]
Event: 2.906 Thread 0x00000000153ad800 1462       3       com.android.dx.ssa.Dominators::<init> (55 bytes)
Event: 2.907 Thread 0x00000000153ad800 nmethod 1462 0x0000000003267650 code [0x00000000032677e0, 0x0000000003267d30]
Event: 2.907 Thread 0x00000000153ad800 1463       3       java.util.HashMap$HashIterator::<init> (79 bytes)
Event: 2.907 Thread 0x00000000153ad800 nmethod 1463 0x000000000327b550 code [0x000000000327b6c0, 0x000000000327ba50]

GC Heap History (2 events):
Event: 1.897 GC heap before
{Heap before GC invocations=1 (full 0):
 PSYoungGen      total 36864K, used 31744K [0x00000000eab00000, 0x00000000ed400000, 0x0000000100000000)
  eden space 31744K, 100% used [0x00000000eab00000,0x00000000eca00000,0x00000000eca00000)
  from space 5120K, 0% used [0x00000000ecf00000,0x00000000ecf00000,0x00000000ed400000)
  to   space 5120K, 0% used [0x00000000eca00000,0x00000000eca00000,0x00000000ecf00000)
 ParOldGen       total 84992K, used 0K [0x00000000c0000000, 0x00000000c5300000, 0x00000000eab00000)
  object space 84992K, 0% used [0x00000000c0000000,0x00000000c0000000,0x00000000c5300000)
 Metaspace       used 5883K, capacity 6960K, committed 7040K, reserved 1056768K
  class space    used 584K, capacity 616K, committed 640K, reserved 1048576K
Event: 2.016 GC heap after
Heap after GC invocations=1 (full 0):
 PSYoungGen      total 36864K, used 5114K [0x00000000eab00000, 0x00000000ed400000, 0x0000000100000000)
  eden space 31744K, 0% used [0x00000000eab00000,0x00000000eab00000,0x00000000eca00000)
  from space 5120K, 99% used [0x00000000eca00000,0x00000000ecefeac8,0x00000000ecf00000)
  to   space 5120K, 0% used [0x00000000ecf00000,0x00000000ecf00000,0x00000000ed400000)
 ParOldGen       total 84992K, used 1653K [0x00000000c0000000, 0x00000000c5300000, 0x00000000eab00000)
  object space 84992K, 1% used [0x00000000c0000000,0x00000000c019d6d8,0x00000000c5300000)
 Metaspace       used 5883K, capacity 6960K, committed 7040K, reserved 1056768K
  class space    used 584K, capacity 616K, committed 640K, reserved 1048576K
}

Deoptimization events (10 events):
Event: 1.502 Thread 0x0000000016e6c800 Uncommon trap: reason=null_check action=make_not_entrant pc=0x0000000002fe8464 method=com.android.dx.rop.type.Type.equals(Ljava/lang/Object;)Z @ 8
Event: 1.554 Thread 0x0000000016e32800 Uncommon trap: reason=unstable_if action=reinterpret pc=0x0000000003046c70 method=com.android.dx.ssa.SsaRenamer$BlockRenamer.addMapping(ILcom/android/dx/rop/code/RegisterSpec;)V @ 120
Event: 2.068 Thread 0x0000000016e6c800 Uncommon trap: reason=unstable_if action=reinterpret pc=0x0000000002fac8c0 method=com.android.dx.rop.code.RegisterSpec.equals(ILcom/android/dx/rop/type/TypeBearer;Lcom/android/dx/rop/code/LocalItem;)Z @ 42
Event: 2.087 Thread 0x0000000016e62800 Uncommon trap: reason=unstable_if action=reinterpret pc=0x00000000031e868c method=com.android.dx.ssa.MoveParamCombiner$1.visitNonMoveInsn(Lcom/android/dx/ssa/NormalSsaInsn;)V @ 27
Event: 2.595 Thread 0x00000000029de000 Uncommon trap: reason=unstable_if action=reinterpret pc=0x00000000031a19e0 method=com.android.dx.ssa.SCCP.simulateStmt(Lcom/android/dx/ssa/SsaInsn;)V @ 59
Event: 2.598 Thread 0x00000000029de000 Uncommon trap: reason=bimorphic action=maybe_recompile pc=0x000000000304f638 method=java.util.HashMap.getNode(ILjava/lang/Object;)Ljava/util/HashMap$Node; @ 126
Event: 2.598 Thread 0x00000000029de000 Uncommon trap: reason=class_check action=maybe_recompile pc=0x00000000030fdfc4 method=java.util.HashMap.putVal(ILjava/lang/Object;Ljava/lang/Object;ZZ)Ljava/lang/Object; @ 203
Event: 2.598 Thread 0x00000000029de000 Uncommon trap: reason=bimorphic action=maybe_recompile pc=0x000000000304f638 method=java.util.HashMap.getNode(ILjava/lang/Object;)Ljava/util/HashMap$Node; @ 126
Event: 2.598 Thread 0x00000000029de000 Uncommon trap: reason=class_check action=maybe_recompile pc=0x00000000030fdfc4 method=java.util.HashMap.putVal(ILjava/lang/Object;Ljava/lang/Object;ZZ)Ljava/lang/Object; @ 203
Event: 2.599 Thread 0x00000000029de000 Uncommon trap: reason=bimorphic action=maybe_recompile pc=0x000000000304f638 method=java.util.HashMap.getNode(ILjava/lang/Object;)Ljava/util/HashMap$Node; @ 126

Internal exceptions (3 events):
Event: 0.050 Thread 0x00000000029de000 Exception <a 'java/lang/NoSuchMethodError': Method sun.misc.Unsafe.defineClass(Ljava/lang/String;[BII)Ljava/lang/Class; name or signature does not match> (0x00000000eab0d878) thrown at [C:\re\workspace\8-2-build-windows-amd64-cygwin\jdk8u45\3627\hotspot\sr—£AZ™©?
Event: 0.050 Thread 0x00000000029de000 Exception <a 'java/lang/NoSuchMethodError': Method sun.misc.Unsafe.prefetchRead(Ljava/lang/Object;J)V name or signature does not match> (0x00000000eab0db08) thrown at [C:\re\workspace\8-2-build-windows-amd64-cygwin\jdk8u45\3627\hotspot\src\share\vm\prims\jÔq@¢‹ø?
Event: 1.502 Thread 0x0000000016e6c800 Implicit null exception at 0x0000000002fe8362 to 0x0000000002fe8455

Events (10 events):
Event: 2.598 Thread 0x00000000029de000 DEOPT UNPACKING pc=0x0000000002cc582a sp=0x0000000002ade208 mode 2
Event: 2.598 Thread 0x00000000029de000 Uncommon trap: trap_request=0xffffffc6 fr.pc=0x000000000304f638
Event: 2.598 Thread 0x00000000029de000 DEOPT PACKING pc=0x000000000304f638 sp=0x0000000002ade2b0
Event: 2.598 Thread 0x00000000029de000 DEOPT UNPACKING pc=0x0000000002cc582a sp=0x0000000002ade230 mode 2
Event: 2.598 Thread 0x00000000029de000 Uncommon trap: trap_request=0xffffffde fr.pc=0x00000000030fdfc4
Event: 2.598 Thread 0x00000000029de000 DEOPT PACKING pc=0x00000000030fdfc4 sp=0x0000000002ade280
Event: 2.598 Thread 0x00000000029de000 DEOPT UNPACKING pc=0x0000000002cc582a sp=0x0000000002ade208 mode 2
Event: 2.599 Thread 0x00000000029de000 Uncommon trap: trap_request=0xffffffc6 fr.pc=0x000000000304f638
Event: 2.599 Thread 0x00000000029de000 DEOPT PACKING pc=0x000000000304f638 sp=0x0000000002ade2a0
Event: 2.599 Thread 0x00000000029de000 DEOPT UNPACKING pc=0x0000000002cc582a sp=0x0000000002ade220 mode 2


Dynamic libraries:
0x00007ff71e570000 - 0x00007ff71e5a7000 	C:\Program Files\Java\jdk1.8.0_45\bin\java.exe
0x00007fff28460000 - 0x00007fff2860c000 	C:\Windows\SYSTEM32\ntdll.dll
0x00007fff25eb0000 - 0x00007fff25fee000 	C:\Windows\system32\KERNEL32.DLL
0x00007fff259c0000 - 0x00007fff25ad5000 	C:\Windows\system32\KERNELBASE.dll
0x00007fff24160000 - 0x00007fff241ee000 	C:\Windows\system32\apphelp.dll
0x00007fff180a0000 - 0x00007fff180f3000 	C:\Windows\AppPatch\AppPatch64\AcGenral.DLL
0x00007fff25ff0000 - 0x00007fff2609a000 	C:\Windows\system32\msvcrt.dll
0x00007fff25450000 - 0x00007fff2547e000 	C:\Windows\SYSTEM32\SspiCli.dll
0x00007fff268a0000 - 0x00007fff268f4000 	C:\Windows\system32\SHLWAPI.dll
0x00007fff260a0000 - 0x00007fff26217000 	C:\Windows\system32\USER32.dll
0x00007fff25d10000 - 0x00007fff25ea4000 	C:\Windows\system32\ole32.dll
0x00007fff26c30000 - 0x00007fff2815b000 	C:\Windows\system32\SHELL32.dll
0x00007fff24ae0000 - 0x00007fff24b01000 	C:\Windows\SYSTEM32\USERENV.dll
0x00007fff26900000 - 0x00007fff269aa000 	C:\Windows\system32\ADVAPI32.dll
0x00007fff16380000 - 0x00007fff1639e000 	C:\Windows\SYSTEM32\MPR.dll
0x00007fff26ae0000 - 0x00007fff26c21000 	C:\Windows\system32\RPCRT4.dll
0x00007fff26a70000 - 0x00007fff26ac9000 	C:\Windows\SYSTEM32\sechost.dll
0x00007fff26220000 - 0x00007fff26431000 	C:\Windows\SYSTEM32\combase.dll
0x00007fff264c0000 - 0x00007fff26610000 	C:\Windows\system32\GDI32.dll
0x00007fff255b0000 - 0x00007fff255c5000 	C:\Windows\SYSTEM32\profapi.dll
0x00007fff237d0000 - 0x00007fff23882000 	C:\Windows\SYSTEM32\SHCORE.dll
0x00007fff281e0000 - 0x00007fff28216000 	C:\Windows\system32\IMM32.DLL
0x00007fff25ba0000 - 0x00007fff25cf2000 	C:\Windows\system32\MSCTF.dll
0x00007fff23190000 - 0x00007fff2340a000 	C:\Windows\WinSxS\amd64_microsoft.windows.common-controls_6595b64144ccf1df_6.0.9600.17810_none_6240b9c7ecbd0bda\COMCTL32.dll
0x0000000068080000 - 0x00000000680e9000 	c:\program files (x86)\f-secure\hips\fshook64.dll
0x00007fff267c0000 - 0x00007fff267c7000 	C:\Windows\system32\PSAPI.DLL
0x0000000065bb0000 - 0x0000000065c82000 	C:\Program Files\Java\jdk1.8.0_45\jre\bin\msvcr100.dll
0x0000000065fc0000 - 0x0000000066843000 	C:\Program Files\Java\jdk1.8.0_45\jre\bin\server\jvm.dll
0x00007fff1c1b0000 - 0x00007fff1c1b9000 	C:\Windows\SYSTEM32\WSOCK32.dll
0x00007fff1cd60000 - 0x00007fff1cd82000 	C:\Windows\SYSTEM32\WINMM.dll
0x00007fff1cd40000 - 0x00007fff1cd4a000 	C:\Windows\SYSTEM32\VERSION.dll
0x00007fff26440000 - 0x00007fff2649a000 	C:\Windows\system32\WS2_32.dll
0x00007fff1c790000 - 0x00007fff1c7ba000 	C:\Windows\SYSTEM32\WINMMBASE.dll
0x00007fff26ad0000 - 0x00007fff26ad9000 	C:\Windows\system32\NSI.dll
0x00007fff256e0000 - 0x00007fff2572f000 	C:\Windows\SYSTEM32\cfgmgr32.dll
0x00007fff243a0000 - 0x00007fff243c8000 	C:\Windows\SYSTEM32\DEVOBJ.dll
0x0000000066f00000 - 0x0000000066f0f000 	C:\Program Files\Java\jdk1.8.0_45\jre\bin\verify.dll
0x0000000066ed0000 - 0x0000000066ef9000 	C:\Program Files\Java\jdk1.8.0_45\jre\bin\java.dll
0x0000000066eb0000 - 0x0000000066ec6000 	C:\Program Files\Java\jdk1.8.0_45\jre\bin\zip.dll
0x00007fff1af30000 - 0x00007fff1b0b9000 	C:\Windows\SYSTEM32\dbghelp.dll

VM Arguments:
jvm_args: -Xmx1024M -Dfile.encoding=windows-1252 -Duser.country=US -Duser.language=en -Duser.variant 
java_command: com.android.dx.command.Main --dex --num-threads=4 --output C:\Users\100502703\AndroidStudioProjects\UIPrototype\app\build\intermediates\pre-dexed\debug\classes-278b9f414a90ede707fb41c641b9a99ed03f1930.jar C:\Users\100502703\AndroidStudioProjects\UIPrototype\app\build\intermediates\exploded-aar\com.android.support\appcompat-v7\23.0.1\jars\classes.jar
java_class_path (initial): C:\Users\100502703\AppData\Local\Android\sdk\build-tools\23.0.1\lib\dx.jar
Launcher Type: SUN_STANDARD

Environment Variables:
PATH=C:\Program Files\Java\jdk1.8.0_45\bin;C:\Program Files (x86)\NVIDIA Corporation\PhysX\Common;C:\Program Files (x86)\Intel\iCLS Client\;C:\Program Files\Intel\iCLS Client\;C:\ProgramData\Oracle\Java\javapath;C:\Windows\system32;C:\Windows;C:\Windows\System32\Wbem;C:\Windows\System32\WindowsPowerShell\v1.0\;C:\Program Files\Intel\Intel(R) Management Engine Components\DAL;C:\Program Files (x86)\Intel\Intel(R) Management Engine Components\DAL;C:\Program Files\Intel\Intel(R) Management Engine Components\IPT;C:\Program Files (x86)\Intel\Intel(R) Management Engine Components\IPT;C:\Program Files\MATLAB_R2015\runtime\win64;C:\Program Files\MATLAB_R2015\bin;C:\Program Files\Intel\WiFi\bin\;C:\Program Files\Common Files\Intel\WirelessCommon\;C:\Program Files\Microsoft SQL Server\110\Tools\Binn\;C:\Program Files (x86)\Skype\Phone\;C:\Program Files\Git\cmd;C:\Windows\system32\config\systemprofile\.dnx\bin;C:\Program Files\Microsoft DNX\Dnvm\;C:\Program Files\Microsoft SQL Server\120\Tools\Binn\;C:\Program Files (x86)\Windows Kits\10\Windows Performance Toolkit\;C:\Program Files (x86)\Microsoft Emulator Manager\1.0\;C:\Program Files (x86)\nodejs\;C:\Program Files\Intel\WiFi\bin\;C:\Program Files\Common Files\Intel\WirelessCommon\;C:\Users\100502703\AppData\Roaming\npm
USERNAME=100502703
OS=Windows_NT
PROCESSOR_IDENTIFIER=Intel64 Family 6 Model 60 Stepping 3, GenuineIntel



---------------  S Y S T E M  ---------------

OS: Windows 8.1 , 64 bit Build 9600 (6.3.9600.17415)

CPU:total 4 (2 cores per cpu, 2 threads per core) family 6 model 60 stepping 3, cmov, cx8, fxsr, mmx, sse, sse2, sse3, ssse3, sse4.1, sse4.2, popcnt, avx, avx2, aes, clmul, erms, lzcnt, ht, tsc, tscinvbit, bmi1, bmi2

Memory: 4k page, physical 8065976k(1152328k free), swap 11211704k(5092k free)

vm_info: Java HotSpot(TM) 64-Bit Server VM (25.45-b02) for windows-amd64 JRE (1.8.0_45-b15), built on Apr 30 2015 12:40:44 by "java_re" with MS VC++ 10.0 (VS2010)

time: Tue Nov 24 18:27:17 2015
elapsed time: 2 seconds (0d 0h 0m 2s)

