#
# There is insufficient memory for the Java Runtime Environment to continue.
# Native memory allocation (malloc) failed to allocate 32744 bytes for ChunkPool::allocate
# Possible reasons:
#   The system is out of physical RAM or swap space
#   In 32 bit mode, the process size limit was hit
# Possible solutions:
#   Reduce memory load on the system
#   Increase physical memory or swap space
#   Check if swap backing store is full
#   Use 64 bit Java on a 64 bit OS
#   Decrease Java heap size (-Xmx/-Xms)
#   Decrease number of Java threads
#   Decrease Java thread stack sizes (-Xss)
#   Set larger code cache with -XX:ReservedCodeCacheSize=
# This output file may be truncated or incomplete.
#
#  Out of Memory Error (allocation.cpp:273), pid=9220, tid=9464
#
# JRE version: Java(TM) SE Runtime Environment (8.0_45-b15) (build 1.8.0_45-b15)
# Java VM: Java HotSpot(TM) 64-Bit Server VM (25.45-b02 mixed mode windows-amd64 compressed oops)
# Failed to write core dump. Minidumps are not enabled by default on client versions of Windows
#

---------------  T H R E A D  ---------------

Current thread (0x000000001475d800):  JavaThread "C1 CompilerThread2" daemon [_thread_in_native, id=9464, stack(0x0000000015e50000,0x0000000015f50000)]

Stack: [0x0000000015e50000,0x0000000015f50000]
Native frames: (J=compiled Java code, j=interpreted, Vv=VM code, C=native code)
V  [jvm.dll+0x32b57a]


Current CompileTask:
C1:   2018  480   !   3       com.android.dx.cf.code.BytecodeArray::parseInstruction (2764 bytes)


---------------  P R O C E S S  ---------------

Java Threads: ( => current thread )
  0x00000000160ca000 JavaThread "pool-1-thread-4" [_thread_in_vm, id=10896, stack(0x0000000016950000,0x0000000016a50000)]
  0x00000000160c5000 JavaThread "pool-1-thread-3" [_thread_in_Java, id=3244, stack(0x0000000016850000,0x0000000016950000)]
  0x00000000160b1000 JavaThread "pool-1-thread-2" [_thread_blocked, id=8520, stack(0x0000000016750000,0x0000000016850000)]
  0x00000000160a5800 JavaThread "pool-2-thread-1" [_thread_blocked, id=3484, stack(0x0000000016650000,0x0000000016750000)]
  0x00000000160a5000 JavaThread "pool-1-thread-1" [_thread_in_Java, id=8004, stack(0x0000000016550000,0x0000000016650000)]
  0x0000000015f55000 JavaThread "Service Thread" daemon [_thread_blocked, id=10660, stack(0x0000000016350000,0x0000000016450000)]
=>0x000000001475d800 JavaThread "C1 CompilerThread2" daemon [_thread_in_native, id=9464, stack(0x0000000015e50000,0x0000000015f50000)]
  0x0000000014757800 JavaThread "C2 CompilerThread1" daemon [_thread_in_native, id=11180, stack(0x0000000015d50000,0x0000000015e50000)]
  0x00000000146fe000 JavaThread "C2 CompilerThread0" daemon [_thread_blocked, id=6616, stack(0x0000000015c50000,0x0000000015d50000)]
  0x00000000146fb800 JavaThread "Attach Listener" daemon [_thread_blocked, id=6304, stack(0x0000000015b50000,0x0000000015c50000)]
  0x00000000146fa800 JavaThread "Signal Dispatcher" daemon [_thread_blocked, id=6572, stack(0x0000000015a50000,0x0000000015b50000)]
  0x0000000002028800 JavaThread "Finalizer" daemon [_thread_blocked, id=10032, stack(0x0000000015950000,0x0000000015a50000)]
  0x000000000201f000 JavaThread "Reference Handler" daemon [_thread_blocked, id=5332, stack(0x0000000015850000,0x0000000015950000)]
  0x0000000001dee000 JavaThread "main" [_thread_in_native, id=9144, stack(0x0000000001df0000,0x0000000001ef0000)]

Other Threads:
  0x00000000146c8000 VMThread [stack: 0x0000000015750000,0x0000000015850000] [id=9344]
  0x0000000015f56800 WatcherThread [stack: 0x0000000016450000,0x0000000016550000] [id=11060]

VM state:not at safepoint (normal execution)

VM Mutex/Monitor currently owned by a thread: None

Heap:
 PSYoungGen      total 36864K, used 12333K [0x00000000eab00000, 0x00000000ed400000, 0x0000000100000000)
  eden space 31744K, 38% used [0x00000000eab00000,0x00000000eb70b5e0,0x00000000eca00000)
  from space 5120K, 0% used [0x00000000ecf00000,0x00000000ecf00000,0x00000000ed400000)
  to   space 5120K, 0% used [0x00000000eca00000,0x00000000eca00000,0x00000000ecf00000)
 ParOldGen       total 84992K, used 0K [0x00000000c0000000, 0x00000000c5300000, 0x00000000eab00000)
  object space 84992K, 0% used [0x00000000c0000000,0x00000000c0000000,0x00000000c5300000)
 Metaspace       used 5281K, capacity 6448K, committed 6528K, reserved 1056768K
  class space    used 573K, capacity 616K, committed 640K, reserved 1048576K

Card table byte_map: [0x00000000113f0000,0x0000000011600000] byte_map_base: 0x0000000010df0000

Marking Bits: (ParMarkBitMap*) 0x00000000667c4040
 Begin Bits: [0x0000000011b60000, 0x0000000012b60000)
 End Bits:   [0x0000000012b60000, 0x0000000013b60000)

Polling page: 0x00000000005b0000

CodeCache: size=245760Kb used=2052Kb max_used=2063Kb free=243707Kb
 bounds [0x0000000002030000, 0x00000000022a0000, 0x0000000011030000]
 total_blobs=752 nmethods=483 adapters=182
 compilation: enabled

Compilation events (10 events):
Event: 2.010 Thread 0x00000000146fe000 nmethod 476 0x000000000222ead0 code [0x000000000222ec20, 0x000000000222edb8]
Event: 2.011 Thread 0x0000000014757800  488       4       java.util.ArrayList$Itr::hasNext (20 bytes)
Event: 2.012 Thread 0x0000000014757800 nmethod 488 0x000000000222e850 code [0x000000000222e980, 0x000000000222ea18]
Event: 2.013 Thread 0x00000000146fe000  492       4       com.android.dx.rop.type.Type::getCategory (36 bytes)
Event: 2.013 Thread 0x00000000146fe000 nmethod 492 0x000000000222e650 code [0x000000000222e780, 0x000000000222e7f8]
Event: 2.013 Thread 0x0000000014757800  495       4       java.util.ArrayList$Itr::next (66 bytes)
Event: 2.014 Thread 0x0000000014757800 nmethod 495 0x000000000222e290 code [0x000000000222e3e0, 0x000000000222e4f8]
Event: 2.015 Thread 0x00000000146fe000  496   !   4       com.android.dx.util.FixedSizeList::get0 (47 bytes)
Event: 2.015 Thread 0x00000000146fe000 nmethod 496 0x000000000222dfd0 code [0x000000000222e100, 0x000000000222e1b8]
Event: 2.015 Thread 0x0000000014757800  499       4       java.util.HashMap::getNode (148 bytes)

GC Heap History (0 events):
No events

Deoptimization events (0 events):
No events

Internal exceptions (2 events):
Event: 0.338 Thread 0x0000000001dee000 Exception <a 'java/lang/NoSuchMethodError': Method sun.misc.Unsafe.defineClass(Ljava/lang/String;[BII)Ljava/lang/Class; name or signature does not match> (0x00000000eab0d920) thrown at [C:\re\workspace\8-2-build-windows-amd64-cygwin\jdk8u45\3627\hotspot\sr`DÁ<žÕ?
Event: 0.338 Thread 0x0000000001dee000 Exception <a 'java/lang/NoSuchMethodError': Method sun.misc.Unsafe.prefetchRead(Ljava/lang/Object;J)V name or signature does not match> (0x00000000eab0dbb0) thrown at [C:\re\workspace\8-2-build-windows-amd64-cygwin\jdk8u45\3627\hotspot\src\share\vm\prims\j

Events (10 events):
Event: 1.982 loading class com/android/dx/dex/code/StdCatchBuilder
Event: 1.982 loading class com/android/dx/dex/code/StdCatchBuilder done
Event: 1.982 loading class com/android/dx/dex/code/DalvCode
Event: 1.982 loading class com/android/dx/dex/code/DalvCode done
Event: 1.983 loading class java/io/PrintWriter
Event: 1.983 loading class java/io/PrintWriter done
Event: 1.983 loading class com/android/dx/dex/file/DebugInfoItem
Event: 1.983 loading class com/android/dx/dex/file/DebugInfoItem done
Event: 2.011 loading class com/android/dx/ssa/PhiInsn$Operand
Event: 2.011 loading class com/android/dx/ssa/PhiInsn$Operand done


Dynamic libraries:
0x00007ff71e570000 - 0x00007ff71e5a7000 	C:\Program Files\Java\jdk1.8.0_45\bin\java.exe
0x00007fff28460000 - 0x00007fff2860c000 	C:\Windows\SYSTEM32\ntdll.dll
0x00007fff25eb0000 - 0x00007fff25fee000 	C:\Windows\system32\KERNEL32.DLL
0x00007fff259c0000 - 0x00007fff25ad5000 	C:\Windows\system32\KERNELBASE.dll
0x00007fff24160000 - 0x00007fff241ee000 	C:\Windows\system32\apphelp.dll
0x00007fff180a0000 - 0x00007fff180f3000 	C:\Windows\AppPatch\AppPatch64\AcGenral.DLL
0x00007fff25ff0000 - 0x00007fff2609a000 	C:\Windows\system32\msvcrt.dll
0x00007fff25450000 - 0x00007fff2547e000 	C:\Windows\SYSTEM32\SspiCli.dll
0x00007fff268a0000 - 0x00007fff268f4000 	C:\Windows\system32\SHLWAPI.dll
0x00007fff260a0000 - 0x00007fff26217000 	C:\Windows\system32\USER32.dll
0x00007fff25d10000 - 0x00007fff25ea4000 	C:\Windows\system32\ole32.dll
0x00007fff26c30000 - 0x00007fff2815b000 	C:\Windows\system32\SHELL32.dll
0x00007fff24ae0000 - 0x00007fff24b01000 	C:\Windows\SYSTEM32\USERENV.dll
0x00007fff26900000 - 0x00007fff269aa000 	C:\Windows\system32\ADVAPI32.dll
0x00007fff16380000 - 0x00007fff1639e000 	C:\Windows\SYSTEM32\MPR.dll
0x00007fff26ae0000 - 0x00007fff26c21000 	C:\Windows\system32\RPCRT4.dll
0x00007fff26a70000 - 0x00007fff26ac9000 	C:\Windows\SYSTEM32\sechost.dll
0x00007fff26220000 - 0x00007fff26431000 	C:\Windows\SYSTEM32\combase.dll
0x00007fff264c0000 - 0x00007fff26610000 	C:\Windows\system32\GDI32.dll
0x00007fff255b0000 - 0x00007fff255c5000 	C:\Windows\SYSTEM32\profapi.dll
0x00007fff237d0000 - 0x00007fff23882000 	C:\Windows\SYSTEM32\SHCORE.dll
0x00007fff281e0000 - 0x00007fff28216000 	C:\Windows\system32\IMM32.DLL
0x00007fff25ba0000 - 0x00007fff25cf2000 	C:\Windows\system32\MSCTF.dll
0x00007fff23190000 - 0x00007fff2340a000 	C:\Windows\WinSxS\amd64_microsoft.windows.common-controls_6595b64144ccf1df_6.0.9600.17810_none_6240b9c7ecbd0bda\COMCTL32.dll
0x0000000068080000 - 0x00000000680e9000 	c:\program files (x86)\f-secure\hips\fshook64.dll
0x00007fff267c0000 - 0x00007fff267c7000 	C:\Windows\system32\PSAPI.DLL
0x0000000065bb0000 - 0x0000000065c82000 	C:\Program Files\Java\jdk1.8.0_45\jre\bin\msvcr100.dll
0x0000000065fc0000 - 0x0000000066843000 	C:\Program Files\Java\jdk1.8.0_45\jre\bin\server\jvm.dll
0x00007fff1c1b0000 - 0x00007fff1c1b9000 	C:\Windows\SYSTEM32\WSOCK32.dll
0x00007fff1cd60000 - 0x00007fff1cd82000 	C:\Windows\SYSTEM32\WINMM.dll
0x00007fff1cd40000 - 0x00007fff1cd4a000 	C:\Windows\SYSTEM32\VERSION.dll
0x00007fff26440000 - 0x00007fff2649a000 	C:\Windows\system32\WS2_32.dll
0x00007fff1c790000 - 0x00007fff1c7ba000 	C:\Windows\SYSTEM32\WINMMBASE.dll
0x00007fff26ad0000 - 0x00007fff26ad9000 	C:\Windows\system32\NSI.dll
0x00007fff256e0000 - 0x00007fff2572f000 	C:\Windows\SYSTEM32\cfgmgr32.dll
0x00007fff243a0000 - 0x00007fff243c8000 	C:\Windows\SYSTEM32\DEVOBJ.dll
0x0000000066f00000 - 0x0000000066f0f000 	C:\Program Files\Java\jdk1.8.0_45\jre\bin\verify.dll
0x0000000066ed0000 - 0x0000000066ef9000 	C:\Program Files\Java\jdk1.8.0_45\jre\bin\java.dll
0x0000000066eb0000 - 0x0000000066ec6000 	C:\Program Files\Java\jdk1.8.0_45\jre\bin\zip.dll

VM Arguments:
jvm_args: -Xmx1024M -Dfile.encoding=windows-1252 -Duser.country=US -Duser.language=en -Duser.variant 
java_command: com.android.dx.command.Main --dex --num-threads=4 --output C:\Users\100502703\AndroidStudioProjects\UIPrototype\app\build\intermediates\pre-dexed\debug\classes-2cb4a75060eee97b951501c9f2ebaad592d9fb2d.jar C:\Users\100502703\AndroidStudioProjects\UIPrototype\app\build\intermediates\exploded-aar\com.google.android.gms\play-services-appindexing\7.8.0\jars\classes.jar
java_class_path (initial): C:\Users\100502703\AppData\Local\Android\sdk\build-tools\23.0.1\lib\dx.jar
Launcher Type: SUN_STANDARD

Environment Variables:
PATH=C:\Program Files\Java\jdk1.8.0_45\bin;C:\Program Files (x86)\NVIDIA Corporation\PhysX\Common;C:\Program Files (x86)\Intel\iCLS Client\;C:\Program Files\Intel\iCLS Client\;C:\ProgramData\Oracle\Java\javapath;C:\Windows\system32;C:\Windows;C:\Windows\System32\Wbem;C:\Windows\System32\WindowsPowerShell\v1.0\;C:\Program Files\Intel\Intel(R) Management Engine Components\DAL;C:\Program Files (x86)\Intel\Intel(R) Management Engine Components\DAL;C:\Program Files\Intel\Intel(R) Management Engine Components\IPT;C:\Program Files (x86)\Intel\Intel(R) Management Engine Components\IPT;C:\Program Files\MATLAB_R2015\runtime\win64;C:\Program Files\MATLAB_R2015\bin;C:\Program Files\Intel\WiFi\bin\;C:\Program Files\Common Files\Intel\WirelessCommon\;C:\Program Files\Microsoft SQL Server\110\Tools\Binn\;C:\Program Files (x86)\Skype\Phone\;C:\Program Files\Git\cmd;C:\Windows\system32\config\systemprofile\.dnx\bin;C:\Program Files\Microsoft DNX\Dnvm\;C:\Program Files\Microsoft SQL Server\120\Tools\Binn\;C:\Program Files (x86)\Windows Kits\10\Windows Performance Toolkit\;C:\Program Files (x86)\Microsoft Emulator Manager\1.0\;C:\Program Files (x86)\nodejs\;C:\Program Files\Intel\WiFi\bin\;C:\Program Files\Common Files\Intel\WirelessCommon\;C:\Users\100502703\AppData\Roaming\npm
USERNAME=100502703
OS=Windows_NT
PROCESSOR_IDENTIFIER=Intel64 Family 6 Model 60 Stepping 3, GenuineIntel



---------------  S Y S T E M  ---------------

OS: Windows 8.1 , 64 bit Build 9600 (6.3.9600.17415)

CPU:total 4 (2 cores per cpu, 2 threads per core) family 6 model 60 stepping 3, cmov, cx8, fxsr, mmx, sse, sse2, sse3, ssse3, sse4.1, sse4.2, popcnt, avx, avx2, aes, clmul, erms, lzcnt, ht, tsc, tscinvbit, bmi1, bmi2

Memory: 4k page, physical 8065976k(1077604k free), swap 11211704k(5112k free)

vm_info: Java HotSpot(TM) 64-Bit Server VM (25.45-b02) for windows-amd64 JRE (1.8.0_45-b15), built on Apr 30 2015 12:40:44 by "java_re" with MS VC++ 10.0 (VS2010)

time: Tue Nov 24 18:29:09 2015
elapsed time: 2 seconds (0d 0h 0m 2s)

