#
# There is insufficient memory for the Java Runtime Environment to continue.
# Native memory allocation (malloc) failed to allocate 262160 bytes for Chunk::new
# Possible reasons:
#   The system is out of physical RAM or swap space
#   In 32 bit mode, the process size limit was hit
# Possible solutions:
#   Reduce memory load on the system
#   Increase physical memory or swap space
#   Check if swap backing store is full
#   Use 64 bit Java on a 64 bit OS
#   Decrease Java heap size (-Xmx/-Xms)
#   Decrease number of Java threads
#   Decrease Java thread stack sizes (-Xss)
#   Set larger code cache with -XX:ReservedCodeCacheSize=
# This output file may be truncated or incomplete.
#
#  Out of Memory Error (allocation.cpp:390), pid=688, tid=5652
#
# JRE version: Java(TM) SE Runtime Environment (8.0_45-b15) (build 1.8.0_45-b15)
# Java VM: Java HotSpot(TM) 64-Bit Server VM (25.45-b02 mixed mode windows-amd64 compressed oops)
# Failed to write core dump. Minidumps are not enabled by default on client versions of Windows
#

---------------  T H R E A D  ---------------

Current thread (0x00000000154d6800):  JavaThread "C2 CompilerThread1" daemon [_thread_in_native, id=5652, stack(0x0000000016ad0000,0x0000000016bd0000)]

Stack: [0x0000000016ad0000,0x0000000016bd0000]
Native frames: (J=compiled Java code, j=interpreted, Vv=VM code, C=native code)
V  [jvm.dll+0x32b57a]


Current CompileTask:
C2:  11070 1577       4       com.android.dx.rop.code.Rops::ropFor (771 bytes)


---------------  P R O C E S S  ---------------

Java Threads: ( => current thread )
  0x0000000016f56000 JavaThread "pool-1-thread-4" [_thread_blocked, id=9592, stack(0x00000000176d0000,0x00000000177d0000)]
  0x0000000016f55800 JavaThread "pool-1-thread-3" [_thread_in_Java, id=9968, stack(0x00000000175d0000,0x00000000176d0000)]
  0x0000000016f50800 JavaThread "pool-1-thread-2" [_thread_blocked, id=7976, stack(0x00000000174d0000,0x00000000175d0000)]
  0x0000000016f4d800 JavaThread "pool-2-thread-1" [_thread_blocked, id=7296, stack(0x00000000173d0000,0x00000000174d0000)]
  0x0000000016f4d000 JavaThread "pool-1-thread-1" [_thread_in_Java, id=3372, stack(0x00000000172d0000,0x00000000173d0000)]
  0x0000000016cde000 JavaThread "Service Thread" daemon [_thread_blocked, id=4680, stack(0x00000000170d0000,0x00000000171d0000)]
  0x00000000154dd000 JavaThread "C1 CompilerThread2" daemon [_thread_blocked, id=10156, stack(0x0000000016bd0000,0x0000000016cd0000)]
=>0x00000000154d6800 JavaThread "C2 CompilerThread1" daemon [_thread_in_native, id=5652, stack(0x0000000016ad0000,0x0000000016bd0000)]
  0x000000001547e000 JavaThread "C2 CompilerThread0" daemon [_thread_blocked, id=9780, stack(0x00000000169d0000,0x0000000016ad0000)]
  0x000000001547b000 JavaThread "Attach Listener" daemon [_thread_blocked, id=10960, stack(0x00000000168d0000,0x00000000169d0000)]
  0x0000000015479800 JavaThread "Signal Dispatcher" daemon [_thread_blocked, id=8736, stack(0x00000000167d0000,0x00000000168d0000)]
  0x0000000002da7000 JavaThread "Finalizer" daemon [_thread_blocked, id=3384, stack(0x00000000166d0000,0x00000000167d0000)]
  0x0000000002d9e000 JavaThread "Reference Handler" daemon [_thread_blocked, id=8688, stack(0x00000000165d0000,0x00000000166d0000)]
  0x0000000002afe000 JavaThread "main" [_thread_blocked, id=10980, stack(0x0000000002bb0000,0x0000000002cb0000)]

Other Threads:
  0x0000000015448000 VMThread [stack: 0x00000000164d0000,0x00000000165d0000] [id=10012]
  0x0000000016cd5000 WatcherThread [stack: 0x00000000171d0000,0x00000000172d0000] [id=10732]

VM state:not at safepoint (normal execution)

VM Mutex/Monitor currently owned by a thread: None

Heap:
 PSYoungGen      total 36864K, used 27748K [0x00000000eab00000, 0x00000000ef300000, 0x0000000100000000)
  eden space 31744K, 71% used [0x00000000eab00000,0x00000000ec11c538,0x00000000eca00000)
  from space 5120K, 99% used [0x00000000eca00000,0x00000000ecefcdb0,0x00000000ecf00000)
  to   space 5120K, 0% used [0x00000000eee00000,0x00000000eee00000,0x00000000ef300000)
 ParOldGen       total 84992K, used 1130K [0x00000000c0000000, 0x00000000c5300000, 0x00000000eab00000)
  object space 84992K, 1% used [0x00000000c0000000,0x00000000c011a940,0x00000000c5300000)
 Metaspace       used 6023K, capacity 7024K, committed 7296K, reserved 1056768K
  class space    used 579K, capacity 616K, committed 640K, reserved 1048576K

Card table byte_map: [0x0000000012170000,0x0000000012380000] byte_map_base: 0x0000000011b70000

Marking Bits: (ParMarkBitMap*) 0x00000000667c4040
 Begin Bits: [0x00000000128e0000, 0x00000000138e0000)
 End Bits:   [0x00000000138e0000, 0x00000000148e0000)

Polling page: 0x0000000002960000

CodeCache: size=245760Kb used=6587Kb max_used=6587Kb free=239172Kb
 bounds [0x0000000002db0000, 0x0000000003430000, 0x0000000011db0000]
 total_blobs=1847 nmethods=1578 adapters=182
 compilation: enabled

Compilation events (10 events):
Event: 11.042 Thread 0x00000000154d6800 1575       4       com.android.dx.rop.type.Type::getFrameType (5 bytes)
Event: 11.042 Thread 0x000000001547e000 nmethod 1571 0x00000000034136d0 code [0x0000000003413840, 0x0000000003413b28]
Event: 11.042 Thread 0x00000000154d6800 nmethod 1575 0x0000000003282810 code [0x0000000003282940, 0x00000000032829d8]
Event: 11.042 Thread 0x000000001547e000 1576       4       com.android.dx.cf.code.RopperMachine::jopToRopOpcode (1103 bytes)
Event: 11.042 Thread 0x00000000154d6800 1577       4       com.android.dx.rop.code.Rops::ropFor (771 bytes)
Event: 11.043 Thread 0x00000000154dd000 1578       3       com.android.dx.rop.code.RegisterSpec::intersect (169 bytes)
Event: 11.044 Thread 0x00000000154dd000 nmethod 1578 0x000000000341aa10 code [0x000000000341ac60, 0x000000000341bc08]
Event: 11.055 Thread 0x000000001547e000 nmethod 1576 0x0000000003417150 code [0x0000000003417ac0, 0x00000000034181e8]
Event: 11.055 Thread 0x00000000154dd000 1579       3       com.android.dx.ssa.SCCP::simulateBranch (666 bytes)
Event: 11.058 Thread 0x00000000154dd000 nmethod 1579 0x0000000003420dd0 code [0x0000000003421280, 0x0000000003424e18]

GC Heap History (2 events):
Event: 9.538 GC heap before
{Heap before GC invocations=1 (full 0):
 PSYoungGen      total 36864K, used 31744K [0x00000000eab00000, 0x00000000ed400000, 0x0000000100000000)
  eden space 31744K, 100% used [0x00000000eab00000,0x00000000eca00000,0x00000000eca00000)
  from space 5120K, 0% used [0x00000000ecf00000,0x00000000ecf00000,0x00000000ed400000)
  to   space 5120K, 0% used [0x00000000eca00000,0x00000000eca00000,0x00000000ecf00000)
 ParOldGen       total 84992K, used 0K [0x00000000c0000000, 0x00000000c5300000, 0x00000000eab00000)
  object space 84992K, 0% used [0x00000000c0000000,0x00000000c0000000,0x00000000c5300000)
 Metaspace       used 5876K, capacity 6960K, committed 7040K, reserved 1056768K
  class space    used 577K, capacity 616K, committed 640K, reserved 1048576K
Event: 10.450 GC heap after
Heap after GC invocations=1 (full 0):
 PSYoungGen      total 36864K, used 5107K [0x00000000eab00000, 0x00000000ef300000, 0x0000000100000000)
  eden space 31744K, 0% used [0x00000000eab00000,0x00000000eab00000,0x00000000eca00000)
  from space 5120K, 99% used [0x00000000eca00000,0x00000000ecefcdb0,0x00000000ecf00000)
  to   space 5120K, 0% used [0x00000000eee00000,0x00000000eee00000,0x00000000ef300000)
 ParOldGen       total 84992K, used 1130K [0x00000000c0000000, 0x00000000c5300000, 0x00000000eab00000)
  object space 84992K, 1% used [0x00000000c0000000,0x00000000c011a940,0x00000000c5300000)
 Metaspace       used 5876K, capacity 6960K, committed 7040K, reserved 1056768K
  class space    used 577K, capacity 616K, committed 640K, reserved 1048576K
}

Deoptimization events (10 events):
Event: 8.720 Thread 0x0000000016f4d000 Uncommon trap: reason=unstable_if action=reinterpret pc=0x0000000003227cd8 method=com.android.dx.cf.code.Merger.mergeType(Lcom/android/dx/rop/type/TypeBearer;Lcom/android/dx/rop/type/TypeBearer;)Lcom/android/dx/rop/type/TypeBearer; @ 68
Event: 8.720 Thread 0x0000000016f4d000 Uncommon trap: reason=class_check action=maybe_recompile pc=0x000000000304cb6c method=com.android.dx.rop.type.Type.equals(Ljava/lang/Object;)Z @ 8
Event: 10.703 Thread 0x0000000016f4d000 Uncommon trap: reason=class_check action=maybe_recompile pc=0x0000000003386b4c method=com.android.dx.ssa.SsaMethod.isRegALocal(Lcom/android/dx/rop/code/RegisterSpec;)Z @ 16
Event: 10.703 Thread 0x0000000016f4d000 Uncommon trap: reason=class_check action=maybe_recompile pc=0x0000000003386b4c method=com.android.dx.ssa.SsaMethod.isRegALocal(Lcom/android/dx/rop/code/RegisterSpec;)Z @ 16
Event: 10.703 Thread 0x0000000016f4d000 Uncommon trap: reason=class_check action=maybe_recompile pc=0x0000000003386b4c method=com.android.dx.ssa.SsaMethod.isRegALocal(Lcom/android/dx/rop/code/RegisterSpec;)Z @ 16
Event: 10.703 Thread 0x0000000016f4d000 Uncommon trap: reason=class_check action=maybe_recompile pc=0x0000000003386b4c method=com.android.dx.ssa.SsaMethod.isRegALocal(Lcom/android/dx/rop/code/RegisterSpec;)Z @ 16
Event: 10.713 Thread 0x0000000016f55800 Uncommon trap: reason=unstable_if action=reinterpret pc=0x00000000032dd528 method=com.android.dx.util.LabeledList.set(ILcom/android/dx/util/LabeledItem;)V @ 16
Event: 10.713 Thread 0x0000000016f55800 Uncommon trap: reason=unstable_if action=reinterpret pc=0x000000000326f6b0 method=com.android.dx.util.LabeledList.set(ILcom/android/dx/util/LabeledItem;)V @ 16
Event: 10.763 Thread 0x0000000016f56000 Uncommon trap: reason=unstable_if action=reinterpret pc=0x00000000032b84a4 method=com.android.dx.cf.code.BytecodeArray.parseInstruction(ILcom/android/dx/cf/code/BytecodeArray$Visitor;)I @ 1198
Event: 11.055 Thread 0x0000000016f50800 Uncommon trap: reason=unstable_if action=reinterpret pc=0x000000000341db7c method=com.android.dx.ssa.SCCP.simulateBranch(Lcom/android/dx/ssa/SsaInsn;)V @ 118

Internal exceptions (2 events):
Event: 1.644 Thread 0x0000000002afe000 Exception <a 'java/lang/NoSuchMethodError': Method sun.misc.Unsafe.defineClass(Ljava/lang/String;[BII)Ljava/lang/Class; name or signature does not match> (0x00000000eab0d910) thrown at [C:\re\workspace\8-2-build-windows-amd64-cygwin\jdk8u45\3627\hotspot\srÇ‰ÅisLú?
Event: 1.644 Thread 0x0000000002afe000 Exception <a 'java/lang/NoSuchMethodError': Method sun.misc.Unsafe.prefetchRead(Ljava/lang/Object;J)V name or signature does not match> (0x00000000eab0dba0) thrown at [C:\re\workspace\8-2-build-windows-amd64-cygwin\jdk8u45\3627\hotspot\src\share\vm\prims\j

Events (10 events):
Event: 10.713 Thread 0x0000000016f55800 DEOPT PACKING pc=0x000000000326f6b0 sp=0x00000000176ce860
Event: 10.713 Thread 0x0000000016f55800 DEOPT UNPACKING pc=0x0000000002df582a sp=0x00000000176ce860 mode 2
Event: 10.763 Thread 0x0000000016f56000 Uncommon trap: trap_request=0xffffff65 fr.pc=0x00000000032b84a4
Event: 10.763 Thread 0x0000000016f56000 DEOPT PACKING pc=0x00000000032b84a4 sp=0x00000000177ceb90
Event: 10.763 Thread 0x0000000016f56000 DEOPT UNPACKING pc=0x0000000002df582a sp=0x00000000177ceb18 mode 2
Event: 10.781 loading class com/android/dx/cf/code/BytecodeArray$ConstantParserVisitor
Event: 10.781 loading class com/android/dx/cf/code/BytecodeArray$ConstantParserVisitor done
Event: 11.055 Thread 0x0000000016f50800 Uncommon trap: trap_request=0xffffff65 fr.pc=0x000000000341db7c
Event: 11.055 Thread 0x0000000016f50800 DEOPT PACKING pc=0x000000000341db7c sp=0x00000000175cec20
Event: 11.055 Thread 0x0000000016f50800 DEOPT UNPACKING pc=0x0000000002df582a sp=0x00000000175cebd0 mode 2


Dynamic libraries:
0x00007ff71e570000 - 0x00007ff71e5a7000 	C:\Program Files\Java\jdk1.8.0_45\bin\java.exe
0x00007fff28460000 - 0x00007fff2860c000 	C:\Windows\SYSTEM32\ntdll.dll
0x00007fff25eb0000 - 0x00007fff25fee000 	C:\Windows\system32\KERNEL32.DLL
0x00007fff259c0000 - 0x00007fff25ad5000 	C:\Windows\system32\KERNELBASE.dll
0x00007fff24160000 - 0x00007fff241ee000 	C:\Windows\system32\apphelp.dll
0x00007fff180a0000 - 0x00007fff180f3000 	C:\Windows\AppPatch\AppPatch64\AcGenral.DLL
0x00007fff25ff0000 - 0x00007fff2609a000 	C:\Windows\system32\msvcrt.dll
0x00007fff25450000 - 0x00007fff2547e000 	C:\Windows\SYSTEM32\SspiCli.dll
0x00007fff268a0000 - 0x00007fff268f4000 	C:\Windows\system32\SHLWAPI.dll
0x00007fff260a0000 - 0x00007fff26217000 	C:\Windows\system32\USER32.dll
0x00007fff25d10000 - 0x00007fff25ea4000 	C:\Windows\system32\ole32.dll
0x00007fff26c30000 - 0x00007fff2815b000 	C:\Windows\system32\SHELL32.dll
0x00007fff24ae0000 - 0x00007fff24b01000 	C:\Windows\SYSTEM32\USERENV.dll
0x00007fff26900000 - 0x00007fff269aa000 	C:\Windows\system32\ADVAPI32.dll
0x00007fff16380000 - 0x00007fff1639e000 	C:\Windows\SYSTEM32\MPR.dll
0x00007fff26ae0000 - 0x00007fff26c21000 	C:\Windows\system32\RPCRT4.dll
0x00007fff26a70000 - 0x00007fff26ac9000 	C:\Windows\SYSTEM32\sechost.dll
0x00007fff26220000 - 0x00007fff26431000 	C:\Windows\SYSTEM32\combase.dll
0x00007fff264c0000 - 0x00007fff26610000 	C:\Windows\system32\GDI32.dll
0x00007fff255b0000 - 0x00007fff255c5000 	C:\Windows\SYSTEM32\profapi.dll
0x00007fff237d0000 - 0x00007fff23882000 	C:\Windows\SYSTEM32\SHCORE.dll
0x00007fff281e0000 - 0x00007fff28216000 	C:\Windows\system32\IMM32.DLL
0x00007fff25ba0000 - 0x00007fff25cf2000 	C:\Windows\system32\MSCTF.dll
0x00007fff23190000 - 0x00007fff2340a000 	C:\Windows\WinSxS\amd64_microsoft.windows.common-controls_6595b64144ccf1df_6.0.9600.17810_none_6240b9c7ecbd0bda\COMCTL32.dll
0x0000000068080000 - 0x00000000680e9000 	c:\program files (x86)\f-secure\hips\fshook64.dll
0x00007fff267c0000 - 0x00007fff267c7000 	C:\Windows\system32\PSAPI.DLL
0x0000000065bb0000 - 0x0000000065c82000 	C:\Program Files\Java\jdk1.8.0_45\jre\bin\msvcr100.dll
0x0000000065fc0000 - 0x0000000066843000 	C:\Program Files\Java\jdk1.8.0_45\jre\bin\server\jvm.dll
0x00007fff1c1b0000 - 0x00007fff1c1b9000 	C:\Windows\SYSTEM32\WSOCK32.dll
0x00007fff1cd60000 - 0x00007fff1cd82000 	C:\Windows\SYSTEM32\WINMM.dll
0x00007fff1cd40000 - 0x00007fff1cd4a000 	C:\Windows\SYSTEM32\VERSION.dll
0x00007fff26440000 - 0x00007fff2649a000 	C:\Windows\system32\WS2_32.dll
0x00007fff1c790000 - 0x00007fff1c7ba000 	C:\Windows\SYSTEM32\WINMMBASE.dll
0x00007fff26ad0000 - 0x00007fff26ad9000 	C:\Windows\system32\NSI.dll
0x00007fff256e0000 - 0x00007fff2572f000 	C:\Windows\SYSTEM32\cfgmgr32.dll
0x00007fff243a0000 - 0x00007fff243c8000 	C:\Windows\SYSTEM32\DEVOBJ.dll
0x0000000066f00000 - 0x0000000066f0f000 	C:\Program Files\Java\jdk1.8.0_45\jre\bin\verify.dll
0x0000000066ed0000 - 0x0000000066ef9000 	C:\Program Files\Java\jdk1.8.0_45\jre\bin\java.dll
0x0000000066eb0000 - 0x0000000066ec6000 	C:\Program Files\Java\jdk1.8.0_45\jre\bin\zip.dll

VM Arguments:
jvm_args: -Xmx1024M -Dfile.encoding=windows-1252 -Duser.country=US -Duser.language=en -Duser.variant 
java_command: com.android.dx.command.Main --dex --num-threads=4 --output C:\Users\100502703\AndroidStudioProjects\UIPrototype\app\build\intermediates\pre-dexed\debug\classes-b9744c522c6f80a829ef7f168334aadf9abc094d.jar C:\Users\100502703\AndroidStudioProjects\UIPrototype\app\build\intermediates\exploded-aar\com.google.android.gms\play-services-games\7.8.0\jars\classes.jar
java_class_path (initial): C:\Users\100502703\AppData\Local\Android\sdk\build-tools\23.0.1\lib\dx.jar
Launcher Type: SUN_STANDARD

Environment Variables:
PATH=C:\Program Files\Java\jdk1.8.0_45\bin;C:\Program Files (x86)\NVIDIA Corporation\PhysX\Common;C:\Program Files (x86)\Intel\iCLS Client\;C:\Program Files\Intel\iCLS Client\;C:\ProgramData\Oracle\Java\javapath;C:\Windows\system32;C:\Windows;C:\Windows\System32\Wbem;C:\Windows\System32\WindowsPowerShell\v1.0\;C:\Program Files\Intel\Intel(R) Management Engine Components\DAL;C:\Program Files (x86)\Intel\Intel(R) Management Engine Components\DAL;C:\Program Files\Intel\Intel(R) Management Engine Components\IPT;C:\Program Files (x86)\Intel\Intel(R) Management Engine Components\IPT;C:\Program Files\MATLAB_R2015\runtime\win64;C:\Program Files\MATLAB_R2015\bin;C:\Program Files\Intel\WiFi\bin\;C:\Program Files\Common Files\Intel\WirelessCommon\;C:\Program Files\Microsoft SQL Server\110\Tools\Binn\;C:\Program Files (x86)\Skype\Phone\;C:\Program Files\Git\cmd;C:\Windows\system32\config\systemprofile\.dnx\bin;C:\Program Files\Microsoft DNX\Dnvm\;C:\Program Files\Microsoft SQL Server\120\Tools\Binn\;C:\Program Files (x86)\Windows Kits\10\Windows Performance Toolkit\;C:\Program Files (x86)\Microsoft Emulator Manager\1.0\;C:\Program Files (x86)\nodejs\;C:\Program Files\Intel\WiFi\bin\;C:\Program Files\Common Files\Intel\WirelessCommon\;C:\Users\100502703\AppData\Roaming\npm
USERNAME=100502703
OS=Windows_NT
PROCESSOR_IDENTIFIER=Intel64 Family 6 Model 60 Stepping 3, GenuineIntel



---------------  S Y S T E M  ---------------

OS: Windows 8.1 , 64 bit Build 9600 (6.3.9600.17415)

CPU:total 4 (2 cores per cpu, 2 threads per core) family 6 model 60 stepping 3, cmov, cx8, fxsr, mmx, sse, sse2, sse3, ssse3, sse4.1, sse4.2, popcnt, avx, avx2, aes, clmul, erms, lzcnt, ht, tsc, tscinvbit, bmi1, bmi2

Memory: 4k page, physical 8065976k(1114828k free), swap 11211704k(5116k free)

vm_info: Java HotSpot(TM) 64-Bit Server VM (25.45-b02) for windows-amd64 JRE (1.8.0_45-b15), built on Apr 30 2015 12:40:44 by "java_re" with MS VC++ 10.0 (VS2010)

time: Tue Nov 24 18:28:03 2015
elapsed time: 11 seconds (0d 0h 0m 11s)

