#
# There is insufficient memory for the Java Runtime Environment to continue.
# Native memory allocation (malloc) failed to allocate 877376 bytes for Chunk::new
# Possible reasons:
#   The system is out of physical RAM or swap space
#   In 32 bit mode, the process size limit was hit
# Possible solutions:
#   Reduce memory load on the system
#   Increase physical memory or swap space
#   Check if swap backing store is full
#   Use 64 bit Java on a 64 bit OS
#   Decrease Java heap size (-Xmx/-Xms)
#   Decrease number of Java threads
#   Decrease Java thread stack sizes (-Xss)
#   Set larger code cache with -XX:ReservedCodeCacheSize=
# This output file may be truncated or incomplete.
#
#  Out of Memory Error (allocation.cpp:390), pid=1088, tid=6116
#
# JRE version: Java(TM) SE Runtime Environment (8.0_45-b15) (build 1.8.0_45-b15)
# Java VM: Java HotSpot(TM) 64-Bit Server VM (25.45-b02 mixed mode windows-amd64 compressed oops)
# Failed to write core dump. Minidumps are not enabled by default on client versions of Windows
#

---------------  T H R E A D  ---------------

Current thread (0x0000000014d3e800):  JavaThread "C2 CompilerThread1" daemon [_thread_in_native, id=6116, stack(0x0000000016340000,0x0000000016440000)]

Stack: [0x0000000016340000,0x0000000016440000]
Native frames: (J=compiled Java code, j=interpreted, Vv=VM code, C=native code)
V  [jvm.dll+0x32b57a]


Current CompileTask:
C2:   2962 1462       4       com.android.dx.ssa.SCCP::simulatePhi (169 bytes)


---------------  P R O C E S S  ---------------

Java Threads: ( => current thread )
  0x00000000167aa800 JavaThread "pool-1-thread-4" [_thread_in_Java, id=7836, stack(0x0000000016f40000,0x0000000017040000)]
  0x00000000167a9800 JavaThread "pool-1-thread-3" [_thread_blocked, id=6944, stack(0x0000000016e40000,0x0000000016f40000)]
  0x00000000167a9000 JavaThread "pool-1-thread-2" [_thread_in_Java, id=9452, stack(0x0000000016d40000,0x0000000016e40000)]
  0x000000001679f000 JavaThread "pool-2-thread-1" [_thread_blocked, id=9348, stack(0x0000000016c40000,0x0000000016d40000)]
  0x000000001679e800 JavaThread "pool-1-thread-1" [_thread_blocked, id=8728, stack(0x0000000016b40000,0x0000000016c40000)]
  0x0000000016555800 JavaThread "Service Thread" daemon [_thread_blocked, id=10684, stack(0x0000000016940000,0x0000000016a40000)]
  0x0000000014d41800 JavaThread "C1 CompilerThread2" daemon [_thread_in_native, id=8480, stack(0x0000000016440000,0x0000000016540000)]
=>0x0000000014d3e800 JavaThread "C2 CompilerThread1" daemon [_thread_in_native, id=6116, stack(0x0000000016340000,0x0000000016440000)]
  0x0000000014cee000 JavaThread "C2 CompilerThread0" daemon [_thread_in_native, id=1820, stack(0x0000000016240000,0x0000000016340000)]
  0x0000000014ceb000 JavaThread "Attach Listener" daemon [_thread_blocked, id=8572, stack(0x0000000016140000,0x0000000016240000)]
  0x0000000014ce9800 JavaThread "Signal Dispatcher" daemon [_thread_blocked, id=8724, stack(0x0000000016040000,0x0000000016140000)]
  0x0000000002618000 JavaThread "Finalizer" daemon [_thread_blocked, id=8920, stack(0x0000000015f40000,0x0000000016040000)]
  0x000000000260f800 JavaThread "Reference Handler" daemon [_thread_blocked, id=8236, stack(0x0000000015e40000,0x0000000015f40000)]
  0x00000000024ae000 JavaThread "main" [_thread_in_Java, id=10708, stack(0x0000000002360000,0x0000000002460000)]

Other Threads:
  0x0000000014cb7000 VMThread [stack: 0x0000000015d40000,0x0000000015e40000] [id=8012]
  0x000000001654b800 WatcherThread [stack: 0x0000000016a40000,0x0000000016b40000] [id=4996]

VM state:not at safepoint (normal execution)

VM Mutex/Monitor currently owned by a thread: None

Heap:
 PSYoungGen      total 36864K, used 7291K [0x00000000eab00000, 0x00000000ed400000, 0x0000000100000000)
  eden space 31744K, 6% used [0x00000000eab00000,0x00000000ead26be8,0x00000000eca00000)
  from space 5120K, 99% used [0x00000000ecf00000,0x00000000ed3f8028,0x00000000ed400000)
  to   space 5120K, 0% used [0x00000000eca00000,0x00000000eca00000,0x00000000ecf00000)
 ParOldGen       total 84992K, used 5821K [0x00000000c0000000, 0x00000000c5300000, 0x00000000eab00000)
  object space 84992K, 6% used [0x00000000c0000000,0x00000000c05af6a0,0x00000000c5300000)
 Metaspace       used 6001K, capacity 7088K, committed 7296K, reserved 1056768K
  class space    used 579K, capacity 616K, committed 640K, reserved 1048576K

Card table byte_map: [0x00000000119e0000,0x0000000011bf0000] byte_map_base: 0x00000000113e0000

Marking Bits: (ParMarkBitMap*) 0x00000000667c4040
 Begin Bits: [0x0000000012150000, 0x0000000013150000)
 End Bits:   [0x0000000013150000, 0x0000000014150000)

Polling page: 0x00000000009b0000

CodeCache: size=245760Kb used=6277Kb max_used=6277Kb free=239482Kb
 bounds [0x0000000002620000, 0x0000000002c50000, 0x0000000011620000]
 total_blobs=1782 nmethods=1513 adapters=182
 compilation: enabled

Compilation events (10 events):
Event: 2.498 Thread 0x0000000014d41800 nmethod 1517 0x0000000002c3dd90 code [0x0000000002c3df40, 0x0000000002c3e5f8]
Event: 2.499 Thread 0x0000000014d41800 1518       3       com.android.dx.ssa.LiteralOpUpgrader$1::visitPhiInsn (1 bytes)
Event: 2.499 Thread 0x0000000014d41800 nmethod 1518 0x0000000002c37e90 code [0x0000000002c37fe0, 0x0000000002c38130]
Event: 2.499 Thread 0x0000000014d41800 1519       3       com.android.dx.ssa.back.FirstFitLocalCombiningAllocator$1::visitPhiInsn (6 bytes)
Event: 2.500 Thread 0x0000000014d41800 nmethod 1519 0x0000000002c3e910 code [0x0000000002c3ea80, 0x0000000002c3ec08]
Event: 2.500 Thread 0x0000000014d41800 1520       3       com.android.dx.ssa.back.FirstFitLocalCombiningAllocator$Multiset::<init> (24 bytes)
Event: 2.500 Thread 0x0000000014d41800 nmethod 1520 0x0000000002c3ec90 code [0x0000000002c3ee00, 0x0000000002c3f0f0]
Event: 2.501 Thread 0x0000000014d41800 1521       3       com.android.dx.ssa.PhiInsn::updateSourcesToDefinitions (68 bytes)
Event: 2.502 Thread 0x0000000014d41800 nmethod 1521 0x0000000002c3f1d0 code [0x0000000002c3f3e0, 0x0000000002c3ff78]
Event: 2.504 Thread 0x0000000014d41800 1522       3       com.android.dx.dex.file.AnnotationUtils::makeSignature (251 bytes)

GC Heap History (4 events):
Event: 1.926 GC heap before
{Heap before GC invocations=1 (full 0):
 PSYoungGen      total 36864K, used 31744K [0x00000000eab00000, 0x00000000ed400000, 0x0000000100000000)
  eden space 31744K, 100% used [0x00000000eab00000,0x00000000eca00000,0x00000000eca00000)
  from space 5120K, 0% used [0x00000000ecf00000,0x00000000ecf00000,0x00000000ed400000)
  to   space 5120K, 0% used [0x00000000eca00000,0x00000000eca00000,0x00000000ecf00000)
 ParOldGen       total 84992K, used 0K [0x00000000c0000000, 0x00000000c5300000, 0x00000000eab00000)
  object space 84992K, 0% used [0x00000000c0000000,0x00000000c0000000,0x00000000c5300000)
 Metaspace       used 5878K, capacity 6960K, committed 7040K, reserved 1056768K
  class space    used 579K, capacity 616K, committed 640K, reserved 1048576K
Event: 2.133 GC heap after
Heap after GC invocations=1 (full 0):
 PSYoungGen      total 36864K, used 5095K [0x00000000eab00000, 0x00000000ed400000, 0x0000000100000000)
  eden space 31744K, 0% used [0x00000000eab00000,0x00000000eab00000,0x00000000eca00000)
  from space 5120K, 99% used [0x00000000eca00000,0x00000000ecef9c98,0x00000000ecf00000)
  to   space 5120K, 0% used [0x00000000ecf00000,0x00000000ecf00000,0x00000000ed400000)
 ParOldGen       total 84992K, used 1539K [0x00000000c0000000, 0x00000000c5300000, 0x00000000eab00000)
  object space 84992K, 1% used [0x00000000c0000000,0x00000000c0180c58,0x00000000c5300000)
 Metaspace       used 5878K, capacity 6960K, committed 7040K, reserved 1056768K
  class space    used 579K, capacity 616K, committed 640K, reserved 1048576K
}
Event: 2.650 GC heap before
{Heap before GC invocations=2 (full 0):
 PSYoungGen      total 36864K, used 36839K [0x00000000eab00000, 0x00000000ed400000, 0x0000000100000000)
  eden space 31744K, 100% used [0x00000000eab00000,0x00000000eca00000,0x00000000eca00000)
  from space 5120K, 99% used [0x00000000eca00000,0x00000000ecef9c98,0x00000000ecf00000)
  to   space 5120K, 0% used [0x00000000ecf00000,0x00000000ecf00000,0x00000000ed400000)
 ParOldGen       total 84992K, used 1539K [0x00000000c0000000, 0x00000000c5300000, 0x00000000eab00000)
  object space 84992K, 1% used [0x00000000c0000000,0x00000000c0180c58,0x00000000c5300000)
 Metaspace       used 5997K, capacity 7024K, committed 7296K, reserved 1056768K
  class space    used 579K, capacity 616K, committed 640K, reserved 1048576K
Event: 2.957 GC heap after
Heap after GC invocations=2 (full 0):
 PSYoungGen      total 36864K, used 5088K [0x00000000eab00000, 0x00000000ed400000, 0x0000000100000000)
  eden space 31744K, 0% used [0x00000000eab00000,0x00000000eab00000,0x00000000eca00000)
  from space 5120K, 99% used [0x00000000ecf00000,0x00000000ed3f8028,0x00000000ed400000)
  to   space 5120K, 0% used [0x00000000eca00000,0x00000000eca00000,0x00000000ecf00000)
 ParOldGen       total 84992K, used 5821K [0x00000000c0000000, 0x00000000c5300000, 0x00000000eab00000)
  object space 84992K, 6% used [0x00000000c0000000,0x00000000c05af6a0,0x00000000c5300000)
 Metaspace       used 5997K, capacity 7024K, committed 7296K, reserved 1056768K
  class space    used 579K, capacity 616K, committed 640K, reserved 1048576K
}

Deoptimization events (5 events):
Event: 0.652 Thread 0x00000000167aa800 Uncommon trap: reason=unstable_if action=reinterpret pc=0x00000000029444ec method=com.android.dx.rop.code.RegisterSpec.equals(ILcom/android/dx/rop/type/TypeBearer;Lcom/android/dx/rop/code/LocalItem;)Z @ 16
Event: 0.652 Thread 0x00000000167aa800 Uncommon trap: reason=unstable_if action=reinterpret pc=0x0000000002812bbc method=java.util.HashMap.getNode(ILjava/lang/Object;)Ljava/util/HashMap$Node; @ 62
Event: 0.656 Thread 0x00000000167aa800 Uncommon trap: reason=unstable_if action=reinterpret pc=0x0000000002864818 method=java.util.HashMap.getNode(ILjava/lang/Object;)Ljava/util/HashMap$Node; @ 62
Event: 0.662 Thread 0x000000001679e800 Uncommon trap: reason=unstable_if action=reinterpret pc=0x000000000282c930 method=java.util.BitSet.nextSetBit(I)I @ 87
Event: 0.882 Thread 0x000000001679e800 Uncommon trap: reason=null_check action=make_not_entrant pc=0x000000000296faa4 method=com.android.dx.rop.type.Type.equals(Ljava/lang/Object;)Z @ 8

Internal exceptions (3 events):
Event: 0.052 Thread 0x00000000024ae000 Exception <a 'java/lang/NoSuchMethodError': Method sun.misc.Unsafe.defineClass(Ljava/lang/String;[BII)Ljava/lang/Class; name or signature does not match> (0x00000000eab0d910) thrown at [C:\re\workspace\8-2-build-windows-amd64-cygwin\jdk8u45\3627\hotspot\srZ"êJ÷‰ª?
Event: 0.052 Thread 0x00000000024ae000 Exception <a 'java/lang/NoSuchMethodError': Method sun.misc.Unsafe.prefetchRead(Ljava/lang/Object;J)V name or signature does not match> (0x00000000eab0dba0) thrown at [C:\re\workspace\8-2-build-windows-amd64-cygwin\jdk8u45\3627\hotspot\src\share\vm\prims\jÔvˆ–»7ì?
Event: 0.882 Thread 0x000000001679e800 Implicit null exception at 0x000000000296f9a2 to 0x000000000296fa95

Events (10 events):
Event: 0.871 loading class com/android/dx/rop/code/RegOps done
Event: 0.880 Executing VM operation: ForceSafepoint
Event: 0.880 Executing VM operation: ForceSafepoint done
Event: 0.882 Thread 0x000000001679e800 Uncommon trap: trap_request=0xfffffff4 fr.pc=0x000000000296faa4
Event: 0.882 Thread 0x000000001679e800 DEOPT PACKING pc=0x000000000296faa4 sp=0x0000000016c3e670
Event: 0.882 Thread 0x000000001679e800 DEOPT UNPACKING pc=0x000000000266582a sp=0x0000000016c3e608 mode 2
Event: 1.777 Executing VM operation: ParallelGCFailedAllocation
Event: 2.133 Executing VM operation: ParallelGCFailedAllocation done
Event: 2.504 Executing VM operation: ParallelGCFailedAllocation
Event: 2.957 Executing VM operation: ParallelGCFailedAllocation done


Dynamic libraries:
0x00007ff71e570000 - 0x00007ff71e5a7000 	C:\Program Files\Java\jdk1.8.0_45\bin\java.exe
0x00007fff28460000 - 0x00007fff2860c000 	C:\Windows\SYSTEM32\ntdll.dll
0x00007fff25eb0000 - 0x00007fff25fee000 	C:\Windows\system32\KERNEL32.DLL
0x00007fff259c0000 - 0x00007fff25ad5000 	C:\Windows\system32\KERNELBASE.dll
0x00007fff24160000 - 0x00007fff241ee000 	C:\Windows\system32\apphelp.dll
0x00007fff180a0000 - 0x00007fff180f3000 	C:\Windows\AppPatch\AppPatch64\AcGenral.DLL
0x00007fff25ff0000 - 0x00007fff2609a000 	C:\Windows\system32\msvcrt.dll
0x00007fff25450000 - 0x00007fff2547e000 	C:\Windows\SYSTEM32\SspiCli.dll
0x00007fff268a0000 - 0x00007fff268f4000 	C:\Windows\system32\SHLWAPI.dll
0x00007fff260a0000 - 0x00007fff26217000 	C:\Windows\system32\USER32.dll
0x00007fff25d10000 - 0x00007fff25ea4000 	C:\Windows\system32\ole32.dll
0x00007fff26c30000 - 0x00007fff2815b000 	C:\Windows\system32\SHELL32.dll
0x00007fff24ae0000 - 0x00007fff24b01000 	C:\Windows\SYSTEM32\USERENV.dll
0x00007fff26900000 - 0x00007fff269aa000 	C:\Windows\system32\ADVAPI32.dll
0x00007fff16380000 - 0x00007fff1639e000 	C:\Windows\SYSTEM32\MPR.dll
0x00007fff26ae0000 - 0x00007fff26c21000 	C:\Windows\system32\RPCRT4.dll
0x00007fff26a70000 - 0x00007fff26ac9000 	C:\Windows\SYSTEM32\sechost.dll
0x00007fff26220000 - 0x00007fff26431000 	C:\Windows\SYSTEM32\combase.dll
0x00007fff264c0000 - 0x00007fff26610000 	C:\Windows\system32\GDI32.dll
0x00007fff255b0000 - 0x00007fff255c5000 	C:\Windows\SYSTEM32\profapi.dll
0x00007fff237d0000 - 0x00007fff23882000 	C:\Windows\SYSTEM32\SHCORE.dll
0x00007fff281e0000 - 0x00007fff28216000 	C:\Windows\system32\IMM32.DLL
0x00007fff25ba0000 - 0x00007fff25cf2000 	C:\Windows\system32\MSCTF.dll
0x00007fff23190000 - 0x00007fff2340a000 	C:\Windows\WinSxS\amd64_microsoft.windows.common-controls_6595b64144ccf1df_6.0.9600.17810_none_6240b9c7ecbd0bda\COMCTL32.dll
0x0000000068080000 - 0x00000000680e9000 	c:\program files (x86)\f-secure\hips\fshook64.dll
0x00007fff267c0000 - 0x00007fff267c7000 	C:\Windows\system32\PSAPI.DLL
0x0000000065bb0000 - 0x0000000065c82000 	C:\Program Files\Java\jdk1.8.0_45\jre\bin\msvcr100.dll
0x0000000065fc0000 - 0x0000000066843000 	C:\Program Files\Java\jdk1.8.0_45\jre\bin\server\jvm.dll
0x00007fff1c1b0000 - 0x00007fff1c1b9000 	C:\Windows\SYSTEM32\WSOCK32.dll
0x00007fff1cd60000 - 0x00007fff1cd82000 	C:\Windows\SYSTEM32\WINMM.dll
0x00007fff1cd40000 - 0x00007fff1cd4a000 	C:\Windows\SYSTEM32\VERSION.dll
0x00007fff26440000 - 0x00007fff2649a000 	C:\Windows\system32\WS2_32.dll
0x00007fff1c790000 - 0x00007fff1c7ba000 	C:\Windows\SYSTEM32\WINMMBASE.dll
0x00007fff26ad0000 - 0x00007fff26ad9000 	C:\Windows\system32\NSI.dll
0x00007fff256e0000 - 0x00007fff2572f000 	C:\Windows\SYSTEM32\cfgmgr32.dll
0x00007fff243a0000 - 0x00007fff243c8000 	C:\Windows\SYSTEM32\DEVOBJ.dll
0x0000000066f00000 - 0x0000000066f0f000 	C:\Program Files\Java\jdk1.8.0_45\jre\bin\verify.dll
0x0000000066ed0000 - 0x0000000066ef9000 	C:\Program Files\Java\jdk1.8.0_45\jre\bin\java.dll
0x0000000066eb0000 - 0x0000000066ec6000 	C:\Program Files\Java\jdk1.8.0_45\jre\bin\zip.dll

VM Arguments:
jvm_args: -Xmx1024M -Dfile.encoding=windows-1252 -Duser.country=US -Duser.language=en -Duser.variant 
java_command: com.android.dx.command.Main --dex --num-threads=4 --output C:\Users\100502703\AndroidStudioProjects\UIPrototype\app\build\intermediates\pre-dexed\debug\classes-ae17d18dc5f5569fdbd91102d27fec7e6ef600a1.jar C:\Users\100502703\AndroidStudioProjects\UIPrototype\app\build\intermediates\exploded-aar\com.google.android.gms\play-services-plus\7.8.0\jars\classes.jar
java_class_path (initial): C:\Users\100502703\AppData\Local\Android\sdk\build-tools\23.0.1\lib\dx.jar
Launcher Type: SUN_STANDARD

Environment Variables:
PATH=C:\Program Files\Java\jdk1.8.0_45\bin;C:\Program Files (x86)\NVIDIA Corporation\PhysX\Common;C:\Program Files (x86)\Intel\iCLS Client\;C:\Program Files\Intel\iCLS Client\;C:\ProgramData\Oracle\Java\javapath;C:\Windows\system32;C:\Windows;C:\Windows\System32\Wbem;C:\Windows\System32\WindowsPowerShell\v1.0\;C:\Program Files\Intel\Intel(R) Management Engine Components\DAL;C:\Program Files (x86)\Intel\Intel(R) Management Engine Components\DAL;C:\Program Files\Intel\Intel(R) Management Engine Components\IPT;C:\Program Files (x86)\Intel\Intel(R) Management Engine Components\IPT;C:\Program Files\MATLAB_R2015\runtime\win64;C:\Program Files\MATLAB_R2015\bin;C:\Program Files\Intel\WiFi\bin\;C:\Program Files\Common Files\Intel\WirelessCommon\;C:\Program Files\Microsoft SQL Server\110\Tools\Binn\;C:\Program Files (x86)\Skype\Phone\;C:\Program Files\Git\cmd;C:\Windows\system32\config\systemprofile\.dnx\bin;C:\Program Files\Microsoft DNX\Dnvm\;C:\Program Files\Microsoft SQL Server\120\Tools\Binn\;C:\Program Files (x86)\Windows Kits\10\Windows Performance Toolkit\;C:\Program Files (x86)\Microsoft Emulator Manager\1.0\;C:\Program Files (x86)\nodejs\;C:\Program Files\Intel\WiFi\bin\;C:\Program Files\Common Files\Intel\WirelessCommon\;C:\Users\100502703\AppData\Roaming\npm
USERNAME=100502703
OS=Windows_NT
PROCESSOR_IDENTIFIER=Intel64 Family 6 Model 60 Stepping 3, GenuineIntel



---------------  S Y S T E M  ---------------

OS: Windows 8.1 , 64 bit Build 9600 (6.3.9600.17415)

CPU:total 4 (2 cores per cpu, 2 threads per core) family 6 model 60 stepping 3, cmov, cx8, fxsr, mmx, sse, sse2, sse3, ssse3, sse4.1, sse4.2, popcnt, avx, avx2, aes, clmul, erms, lzcnt, ht, tsc, tscinvbit, bmi1, bmi2

Memory: 4k page, physical 8065976k(1150804k free), swap 11211704k(4980k free)

vm_info: Java HotSpot(TM) 64-Bit Server VM (25.45-b02) for windows-amd64 JRE (1.8.0_45-b15), built on Apr 30 2015 12:40:44 by "java_re" with MS VC++ 10.0 (VS2010)

time: Tue Nov 24 18:27:17 2015
elapsed time: 2 seconds (0d 0h 0m 2s)

