#
# There is insufficient memory for the Java Runtime Environment to continue.
# Native memory allocation (malloc) failed to allocate 32744 bytes for ChunkPool::allocate
# Possible reasons:
#   The system is out of physical RAM or swap space
#   In 32 bit mode, the process size limit was hit
# Possible solutions:
#   Reduce memory load on the system
#   Increase physical memory or swap space
#   Check if swap backing store is full
#   Use 64 bit Java on a 64 bit OS
#   Decrease Java heap size (-Xmx/-Xms)
#   Decrease number of Java threads
#   Decrease Java thread stack sizes (-Xss)
#   Set larger code cache with -XX:ReservedCodeCacheSize=
# This output file may be truncated or incomplete.
#
#  Out of Memory Error (allocation.cpp:273), pid=10512, tid=9692
#
# JRE version: Java(TM) SE Runtime Environment (8.0_45-b15) (build 1.8.0_45-b15)
# Java VM: Java HotSpot(TM) 64-Bit Server VM (25.45-b02 mixed mode windows-amd64 compressed oops)
# Failed to write core dump. Minidumps are not enabled by default on client versions of Windows
#

---------------  T H R E A D  ---------------

Current thread (0x0000000014f1a800):  JavaThread "C1 CompilerThread2" daemon [_thread_in_native, id=9692, stack(0x0000000016630000,0x0000000016730000)]

Stack: [0x0000000016630000,0x0000000016730000]
Native frames: (J=compiled Java code, j=interpreted, Vv=VM code, C=native code)
V  [jvm.dll+0x32b57a]


Current CompileTask:
C1:    874   64  s!   3       sun.misc.URLClassPath::getLoader (197 bytes)


---------------  P R O C E S S  ---------------

Java Threads: ( => current thread )
  0x0000000016735000 JavaThread "Service Thread" daemon [_thread_blocked, id=10212, stack(0x0000000016b30000,0x0000000016c30000)]
=>0x0000000014f1a800 JavaThread "C1 CompilerThread2" daemon [_thread_in_native, id=9692, stack(0x0000000016630000,0x0000000016730000)]
  0x0000000014f18000 JavaThread "C2 CompilerThread1" daemon [_thread_blocked, id=316, stack(0x0000000016530000,0x0000000016630000)]
  0x0000000014ebf000 JavaThread "C2 CompilerThread0" daemon [_thread_blocked, id=8944, stack(0x0000000016430000,0x0000000016530000)]
  0x0000000014ebc000 JavaThread "Attach Listener" daemon [_thread_blocked, id=8424, stack(0x0000000016330000,0x0000000016430000)]
  0x00000000027ee800 JavaThread "Signal Dispatcher" daemon [_thread_blocked, id=7052, stack(0x0000000016230000,0x0000000016330000)]
  0x00000000027e7000 JavaThread "Finalizer" daemon [_thread_blocked, id=9628, stack(0x0000000016130000,0x0000000016230000)]
  0x00000000027de000 JavaThread "Reference Handler" daemon [_thread_blocked, id=5528, stack(0x0000000016030000,0x0000000016130000)]
  0x000000000258e000 JavaThread "main" [_thread_in_vm, id=9424, stack(0x00000000025f0000,0x00000000026f0000)]

Other Threads:
  0x0000000014e88000 VMThread [stack: 0x0000000015f30000,0x0000000016030000] [id=10528]
  0x0000000016737000 WatcherThread [stack: 0x0000000016c30000,0x0000000016d30000] [id=8784]

VM state:not at safepoint (normal execution)

VM Mutex/Monitor currently owned by a thread: None

Heap:
 PSYoungGen      total 36864K, used 2539K [0x00000000eab00000, 0x00000000ed400000, 0x0000000100000000)
  eden space 31744K, 8% used [0x00000000eab00000,0x00000000ead7af30,0x00000000eca00000)
  from space 5120K, 0% used [0x00000000ecf00000,0x00000000ecf00000,0x00000000ed400000)
  to   space 5120K, 0% used [0x00000000eca00000,0x00000000eca00000,0x00000000ecf00000)
 ParOldGen       total 84992K, used 0K [0x00000000c0000000, 0x00000000c5300000, 0x00000000eab00000)
  object space 84992K, 0% used [0x00000000c0000000,0x00000000c0000000,0x00000000c5300000)
 Metaspace       used 3017K, capacity 4656K, committed 4864K, reserved 1056768K
  class space    used 329K, capacity 424K, committed 512K, reserved 1048576K

Card table byte_map: [0x0000000011bb0000,0x0000000011dc0000] byte_map_base: 0x00000000115b0000

Marking Bits: (ParMarkBitMap*) 0x00000000667c4040
 Begin Bits: [0x0000000012320000, 0x0000000013320000)
 End Bits:   [0x0000000013320000, 0x0000000014320000)

Polling page: 0x00000000024f0000

CodeCache: size=245760Kb used=1182Kb max_used=1182Kb free=244577Kb
 bounds [0x00000000027f0000, 0x0000000002a60000, 0x00000000117f0000]
 total_blobs=306 nmethods=63 adapters=156
 compilation: enabled

Compilation events (10 events):
Event: 0.862 Thread 0x0000000014f1a800 nmethod 59 0x0000000002915910 code [0x0000000002915a60, 0x0000000002915b70]
Event: 0.862 Thread 0x0000000014f1a800   60       3       java.lang.AbstractStringBuilder::<init> (12 bytes)
Event: 0.862 Thread 0x0000000014f1a800 nmethod 60 0x0000000002915bd0 code [0x0000000002915d40, 0x0000000002915f90]
Event: 0.862 Thread 0x0000000014f1a800   61       1       java.lang.String::length (6 bytes)
Event: 0.862 Thread 0x0000000014f1a800 nmethod 61 0x0000000002916050 code [0x00000000029161a0, 0x00000000029162b0]
Event: 0.869 Thread 0x0000000014f1a800   62       3       java.lang.AbstractStringBuilder::expandCapacity (50 bytes)
Event: 0.869 Thread 0x0000000014f1a800 nmethod 62 0x0000000002916350 code [0x00000000029164e0, 0x0000000002916a38]
Event: 0.869 Thread 0x0000000014f1a800   63  s    3       sun.misc.URLClassPath::getNextLoader (88 bytes)
Event: 0.870 Thread 0x0000000014f1a800 nmethod 63 0x0000000002916c10 code [0x0000000002916de0, 0x0000000002917648]
Event: 0.870 Thread 0x0000000014f1a800   64  s!   3       sun.misc.URLClassPath::getLoader (197 bytes)

GC Heap History (0 events):
No events

Deoptimization events (0 events):
No events

Internal exceptions (2 events):
Event: 0.116 Thread 0x000000000258e000 Exception <a 'java/lang/NoSuchMethodError': Method sun.misc.Unsafe.defineClass(Ljava/lang/String;[BII)Ljava/lang/Class; name or signature does not match> (0x00000000eab0d930) thrown at [C:\re\workspace\8-2-build-windows-amd64-cygwin\jdk8u45\3627\hotspot\sr¡51v{’Ω?
Event: 0.117 Thread 0x000000000258e000 Exception <a 'java/lang/NoSuchMethodError': Method sun.misc.Unsafe.prefetchRead(Ljava/lang/Object;J)V name or signature does not match> (0x00000000eab0dbc0) thrown at [C:\re\workspace\8-2-build-windows-amd64-cygwin\jdk8u45\3627\hotspot\src\share\vm\prims\j

Events (10 events):
Event: 0.862 loading class com/android/dx/command/DxConsole$1
Event: 0.862 loading class com/android/dx/command/DxConsole$1 done
Event: 0.869 loading class com/android/dx/dex/DexOptions
Event: 0.869 loading class com/android/dx/dex/DexOptions done
Event: 0.869 loading class com/android/dx/dex/file/DexFile
Event: 0.869 loading class com/android/dx/dex/file/DexFile done
Event: 0.870 loading class com/android/dx/rop/cst/Constant
Event: 0.870 loading class com/android/dx/rop/cst/Constant done
Event: 0.871 loading class com/android/dx/util/ToHuman
Event: 0.871 loading class com/android/dx/util/ToHuman done


Dynamic libraries:
0x00007ff71e570000 - 0x00007ff71e5a7000 	C:\Program Files\Java\jdk1.8.0_45\bin\java.exe
0x00007fff28460000 - 0x00007fff2860c000 	C:\Windows\SYSTEM32\ntdll.dll
0x00007fff25eb0000 - 0x00007fff25fee000 	C:\Windows\system32\KERNEL32.DLL
0x00007fff259c0000 - 0x00007fff25ad5000 	C:\Windows\system32\KERNELBASE.dll
0x00007fff24160000 - 0x00007fff241ee000 	C:\Windows\system32\apphelp.dll
0x00007fff180a0000 - 0x00007fff180f3000 	C:\Windows\AppPatch\AppPatch64\AcGenral.DLL
0x00007fff25ff0000 - 0x00007fff2609a000 	C:\Windows\system32\msvcrt.dll
0x00007fff25450000 - 0x00007fff2547e000 	C:\Windows\SYSTEM32\SspiCli.dll
0x00007fff268a0000 - 0x00007fff268f4000 	C:\Windows\system32\SHLWAPI.dll
0x00007fff260a0000 - 0x00007fff26217000 	C:\Windows\system32\USER32.dll
0x00007fff25d10000 - 0x00007fff25ea4000 	C:\Windows\system32\ole32.dll
0x00007fff26c30000 - 0x00007fff2815b000 	C:\Windows\system32\SHELL32.dll
0x00007fff24ae0000 - 0x00007fff24b01000 	C:\Windows\SYSTEM32\USERENV.dll
0x00007fff26900000 - 0x00007fff269aa000 	C:\Windows\system32\ADVAPI32.dll
0x00007fff16380000 - 0x00007fff1639e000 	C:\Windows\SYSTEM32\MPR.dll
0x00007fff26ae0000 - 0x00007fff26c21000 	C:\Windows\system32\RPCRT4.dll
0x00007fff26a70000 - 0x00007fff26ac9000 	C:\Windows\SYSTEM32\sechost.dll
0x00007fff26220000 - 0x00007fff26431000 	C:\Windows\SYSTEM32\combase.dll
0x00007fff264c0000 - 0x00007fff26610000 	C:\Windows\system32\GDI32.dll
0x00007fff255b0000 - 0x00007fff255c5000 	C:\Windows\SYSTEM32\profapi.dll
0x00007fff237d0000 - 0x00007fff23882000 	C:\Windows\SYSTEM32\SHCORE.dll
0x00007fff281e0000 - 0x00007fff28216000 	C:\Windows\system32\IMM32.DLL
0x00007fff25ba0000 - 0x00007fff25cf2000 	C:\Windows\system32\MSCTF.dll
0x00007fff23190000 - 0x00007fff2340a000 	C:\Windows\WinSxS\amd64_microsoft.windows.common-controls_6595b64144ccf1df_6.0.9600.17810_none_6240b9c7ecbd0bda\COMCTL32.dll
0x0000000068080000 - 0x00000000680e9000 	c:\program files (x86)\f-secure\hips\fshook64.dll
0x00007fff267c0000 - 0x00007fff267c7000 	C:\Windows\system32\PSAPI.DLL
0x0000000065bb0000 - 0x0000000065c82000 	C:\Program Files\Java\jdk1.8.0_45\jre\bin\msvcr100.dll
0x0000000065fc0000 - 0x0000000066843000 	C:\Program Files\Java\jdk1.8.0_45\jre\bin\server\jvm.dll
0x00007fff1c1b0000 - 0x00007fff1c1b9000 	C:\Windows\SYSTEM32\WSOCK32.dll
0x00007fff1cd60000 - 0x00007fff1cd82000 	C:\Windows\SYSTEM32\WINMM.dll
0x00007fff1cd40000 - 0x00007fff1cd4a000 	C:\Windows\SYSTEM32\VERSION.dll
0x00007fff26440000 - 0x00007fff2649a000 	C:\Windows\system32\WS2_32.dll
0x00007fff1c790000 - 0x00007fff1c7ba000 	C:\Windows\SYSTEM32\WINMMBASE.dll
0x00007fff26ad0000 - 0x00007fff26ad9000 	C:\Windows\system32\NSI.dll
0x00007fff256e0000 - 0x00007fff2572f000 	C:\Windows\SYSTEM32\cfgmgr32.dll
0x00007fff243a0000 - 0x00007fff243c8000 	C:\Windows\SYSTEM32\DEVOBJ.dll
0x0000000066f00000 - 0x0000000066f0f000 	C:\Program Files\Java\jdk1.8.0_45\jre\bin\verify.dll
0x0000000066ed0000 - 0x0000000066ef9000 	C:\Program Files\Java\jdk1.8.0_45\jre\bin\java.dll
0x0000000066eb0000 - 0x0000000066ec6000 	C:\Program Files\Java\jdk1.8.0_45\jre\bin\zip.dll

VM Arguments:
jvm_args: -Xmx1024M -Dfile.encoding=windows-1252 -Duser.country=US -Duser.language=en -Duser.variant 
java_command: com.android.dx.command.Main --dex --num-threads=4 --output C:\Users\100502703\AndroidStudioProjects\UIPrototype\app\build\intermediates\pre-dexed\debug\support-annotations-23.0.1-8527672cef7120c105d305b9026d0f56346c741a.jar C:\Users\100502703\AppData\Local\Android\sdk\extras\android\m2repository\com\android\support\support-annotations\23.0.1\support-annotations-23.0.1.jar
java_class_path (initial): C:\Users\100502703\AppData\Local\Android\sdk\build-tools\23.0.1\lib\dx.jar
Launcher Type: SUN_STANDARD

Environment Variables:
PATH=C:\Program Files\Java\jdk1.8.0_45\bin;C:\Program Files (x86)\NVIDIA Corporation\PhysX\Common;C:\Program Files (x86)\Intel\iCLS Client\;C:\Program Files\Intel\iCLS Client\;C:\ProgramData\Oracle\Java\javapath;C:\Windows\system32;C:\Windows;C:\Windows\System32\Wbem;C:\Windows\System32\WindowsPowerShell\v1.0\;C:\Program Files\Intel\Intel(R) Management Engine Components\DAL;C:\Program Files (x86)\Intel\Intel(R) Management Engine Components\DAL;C:\Program Files\Intel\Intel(R) Management Engine Components\IPT;C:\Program Files (x86)\Intel\Intel(R) Management Engine Components\IPT;C:\Program Files\MATLAB_R2015\runtime\win64;C:\Program Files\MATLAB_R2015\bin;C:\Program Files\Intel\WiFi\bin\;C:\Program Files\Common Files\Intel\WirelessCommon\;C:\Program Files\Microsoft SQL Server\110\Tools\Binn\;C:\Program Files (x86)\Skype\Phone\;C:\Program Files\Git\cmd;C:\Windows\system32\config\systemprofile\.dnx\bin;C:\Program Files\Microsoft DNX\Dnvm\;C:\Program Files\Microsoft SQL Server\120\Tools\Binn\;C:\Program Files (x86)\Windows Kits\10\Windows Performance Toolkit\;C:\Program Files (x86)\Microsoft Emulator Manager\1.0\;C:\Program Files (x86)\nodejs\;C:\Program Files\Intel\WiFi\bin\;C:\Program Files\Common Files\Intel\WirelessCommon\;C:\Users\100502703\AppData\Roaming\npm
USERNAME=100502703
OS=Windows_NT
PROCESSOR_IDENTIFIER=Intel64 Family 6 Model 60 Stepping 3, GenuineIntel



---------------  S Y S T E M  ---------------

OS: Windows 8.1 , 64 bit Build 9600 (6.3.9600.17415)

CPU:total 4 (2 cores per cpu, 2 threads per core) family 6 model 60 stepping 3, cmov, cx8, fxsr, mmx, sse, sse2, sse3, ssse3, sse4.1, sse4.2, popcnt, avx, avx2, aes, clmul, erms, lzcnt, ht, tsc, tscinvbit, bmi1, bmi2

Memory: 4k page, physical 8065976k(1306828k free), swap 11211704k(4836k free)

vm_info: Java HotSpot(TM) 64-Bit Server VM (25.45-b02) for windows-amd64 JRE (1.8.0_45-b15), built on Apr 30 2015 12:40:44 by "java_re" with MS VC++ 10.0 (VS2010)

time: Tue Nov 24 18:28:54 2015
elapsed time: 0 seconds (0d 0h 0m 0s)

